<?xml version="1.0" encoding="UTF-8"?>
<testsuite name="com.jojoldu.book.springboot.web.HelloControllerTest" tests="2" skipped="0" failures="0" errors="0" timestamp="2022-05-24T18:14:22" hostname="KimJinyeonui-MacBookAir.local" time="0.031">
  <properties/>
  <testcase name="return_helloDto()" classname="com.jojoldu.book.springboot.web.HelloControllerTest" time="0.025"/>
  <testcase name="return_hello()" classname="com.jojoldu.book.springboot.web.HelloControllerTest" time="0.005"/>
  <system-out><![CDATA[2022-05-25 03:14:22.311  INFO 45656 --- [    Test worker] .b.t.a.w.s.WebMvcTestContextBootstrapper : Neither @ContextConfiguration nor @ContextHierarchy found for test class [com.jojoldu.book.springboot.web.HelloControllerTest], using SpringBootContextLoader
2022-05-25 03:14:22.311  INFO 45656 --- [    Test worker] o.s.t.c.support.AbstractContextLoader    : Could not detect default resource locations for test class [com.jojoldu.book.springboot.web.HelloControllerTest]: no resource found for suffixes {-context.xml, Context.groovy}.
2022-05-25 03:14:22.311  INFO 45656 --- [    Test worker] t.c.s.AnnotationConfigContextLoaderUtils : Could not detect default configuration classes for test class [com.jojoldu.book.springboot.web.HelloControllerTest]: HelloControllerTest does not declare any static, non-private, non-final, nested classes annotated with @Configuration.
2022-05-25 03:14:22.321  INFO 45656 --- [    Test worker] .b.t.c.SpringBootTestContextBootstrapper : Found @SpringBootConfiguration com.jojoldu.book.springboot.Application for test class com.jojoldu.book.springboot.web.HelloControllerTest
2022-05-25 03:14:22.322  INFO 45656 --- [    Test worker] .b.t.a.w.s.WebMvcTestContextBootstrapper : Loaded default TestExecutionListener class names from location [META-INF/spring.factories]: [org.springframework.security.test.context.support.WithSecurityContextTestExecutionListener, org.springframework.security.test.context.support.ReactorContextTestExecutionListener, org.springframework.boot.test.autoconfigure.restdocs.RestDocsTestExecutionListener, org.springframework.boot.test.autoconfigure.web.client.MockRestServiceServerResetTestExecutionListener, org.springframework.boot.test.autoconfigure.web.servlet.MockMvcPrintOnlyOnFailureTestExecutionListener, org.springframework.boot.test.autoconfigure.web.servlet.WebDriverTestExecutionListener, org.springframework.boot.test.autoconfigure.webservices.client.MockWebServiceServerTestExecutionListener, org.springframework.boot.test.mock.mockito.MockitoTestExecutionListener, org.springframework.boot.test.mock.mockito.ResetMocksTestExecutionListener, org.springframework.test.context.web.ServletTestExecutionListener, org.springframework.test.context.support.DirtiesContextBeforeModesTestExecutionListener, org.springframework.test.context.support.DependencyInjectionTestExecutionListener, org.springframework.test.context.support.DirtiesContextTestExecutionListener, org.springframework.test.context.transaction.TransactionalTestExecutionListener, org.springframework.test.context.jdbc.SqlScriptsTestExecutionListener, org.springframework.test.context.event.EventPublishingTestExecutionListener]
2022-05-25 03:14:22.322  INFO 45656 --- [    Test worker] .b.t.a.w.s.WebMvcTestContextBootstrapper : Using TestExecutionListeners: [org.springframework.test.context.web.ServletTestExecutionListener@2faa349d, org.springframework.test.context.support.DirtiesContextBeforeModesTestExecutionListener@2445bcea, org.springframework.boot.test.mock.mockito.MockitoTestExecutionListener@7ce1740e, org.springframework.boot.test.autoconfigure.SpringBootDependencyInjectionTestExecutionListener@6d75ccdf, org.springframework.test.context.support.DirtiesContextTestExecutionListener@13851330, org.springframework.test.context.transaction.TransactionalTestExecutionListener@1aae4f46, org.springframework.test.context.jdbc.SqlScriptsTestExecutionListener@6d980919, org.springframework.security.test.context.support.WithSecurityContextTestExecutionListener@2e482341, org.springframework.test.context.event.EventPublishingTestExecutionListener@15efb92b, org.springframework.security.test.context.support.ReactorContextTestExecutionListener@7d5310af, org.springframework.boot.test.autoconfigure.restdocs.RestDocsTestExecutionListener@502e0edd, org.springframework.boot.test.autoconfigure.web.client.MockRestServiceServerResetTestExecutionListener@3f936db2, org.springframework.boot.test.autoconfigure.web.servlet.MockMvcPrintOnlyOnFailureTestExecutionListener@57ddad8a, org.springframework.boot.test.autoconfigure.web.servlet.WebDriverTestExecutionListener@32ee19b6, org.springframework.boot.test.autoconfigure.webservices.client.MockWebServiceServerTestExecutionListener@1216b1d0, org.springframework.boot.test.mock.mockito.ResetMocksTestExecutionListener@364cb0dd]

  .   ____          _            __ _ _
 /\\ / ___'_ __ _ _(_)_ __  __ _ \ \ \ \
( ( )\___ | '_ | '_| | '_ \/ _` | \ \ \ \
 \\/  ___)| |_)| | | | | || (_| |  ) ) ) )
  '  |____| .__|_| |_|_| |_\__, | / / / /
 =========|_|==============|___/=/_/_/_/
 :: Spring Boot ::                (v2.4.1)

2022-05-25 03:14:22.333  INFO 45656 --- [    Test worker] c.j.b.s.web.HelloControllerTest          : Starting HelloControllerTest using Java 1.8.0_322 on KimJinyeonui-MacBookAir.local with PID 45656 (started by kimjinyeon in /Users/kimjinyeon/IdeaProjects/freelec-springboot2-webservice)
2022-05-25 03:14:22.334  INFO 45656 --- [    Test worker] c.j.b.s.web.HelloControllerTest          : No active profile set, falling back to default profiles: default
2022-05-25 03:14:22.466  INFO 45656 --- [    Test worker] o.s.s.concurrent.ThreadPoolTaskExecutor  : Initializing ExecutorService 'applicationTaskExecutor'
2022-05-25 03:14:22.505  INFO 45656 --- [    Test worker] o.s.b.a.w.s.WelcomePageHandlerMapping    : Adding welcome page template: index
2022-05-25 03:14:22.639  INFO 45656 --- [    Test worker] o.s.s.web.DefaultSecurityFilterChain     : Will secure any request with [org.springframework.security.web.context.request.async.WebAsyncManagerIntegrationFilter@729adb82, org.springframework.security.web.context.SecurityContextPersistenceFilter@593b7edf, org.springframework.security.web.header.HeaderWriterFilter@1e63274a, org.springframework.security.web.csrf.CsrfFilter@1b347bb8, org.springframework.security.web.authentication.logout.LogoutFilter@64ce1c1f, org.springframework.security.oauth2.client.web.OAuth2AuthorizationRequestRedirectFilter@68f493bb, org.springframework.security.oauth2.client.web.OAuth2AuthorizationRequestRedirectFilter@2a2570c1, org.springframework.security.oauth2.client.web.OAuth2LoginAuthenticationFilter@1e7458c, org.springframework.security.web.authentication.ui.DefaultLoginPageGeneratingFilter@51fbe568, org.springframework.security.web.authentication.ui.DefaultLogoutPageGeneratingFilter@6f5cf1f6, org.springframework.security.web.savedrequest.RequestCacheAwareFilter@546c3d8b, org.springframework.security.web.servletapi.SecurityContextHolderAwareRequestFilter@53b2093b, org.springframework.security.web.authentication.AnonymousAuthenticationFilter@4e936d87, org.springframework.security.oauth2.client.web.OAuth2AuthorizationCodeGrantFilter@b554775, org.springframework.security.web.session.SessionManagementFilter@26326685, org.springframework.security.web.access.ExceptionTranslationFilter@41098a71, org.springframework.security.web.access.intercept.FilterSecurityInterceptor@64965cb9]
2022-05-25 03:14:22.663  INFO 45656 --- [    Test worker] o.s.b.t.m.w.SpringBootMockServletContext : Initializing Spring TestDispatcherServlet ''
2022-05-25 03:14:22.663  INFO 45656 --- [    Test worker] o.s.t.web.servlet.TestDispatcherServlet  : Initializing Servlet ''
2022-05-25 03:14:22.663  INFO 45656 --- [    Test worker] o.s.t.web.servlet.TestDispatcherServlet  : Completed initialization in 0 ms
2022-05-25 03:14:22.668  INFO 45656 --- [    Test worker] c.j.b.s.web.HelloControllerTest          : Started HelloControllerTest in 0.344 seconds (JVM running for 4.96)
]]></system-out>
  <system-err><![CDATA[]]></system-err>
</testsuite>
