<?xml version="1.0" encoding="UTF-8"?>
<testsuite name="com.jojoldu.book.springboot.web.dto.HelloResponseDtoTest" tests="1" skipped="0" failures="0" errors="0" timestamp="2022-05-24T17:24:34" hostname="KimJinyeonui-MacBookAir.local" time="0.034">
  <properties/>
  <testcase name="lombok_function_test()" classname="com.jojoldu.book.springboot.web.dto.HelloResponseDtoTest" time="0.034"/>
  <system-out><![CDATA[]]></system-out>
  <system-err><![CDATA[]]></system-err>
</testsuite>
