<?xml version="1.0" encoding="UTF-8"?>
<testsuite name="com.jojoldu.book.springboot.web.IndexControllerTest" tests="1" skipped="0" failures="0" errors="0" timestamp="2022-05-19T06:25:17" hostname="KimJinyeonui-MacBookAir.local" time="0.109">
  <properties/>
  <testcase name="load_main_page()" classname="com.jojoldu.book.springboot.web.IndexControllerTest" time="0.109"/>
  <system-out><![CDATA[2022-05-19 15:25:15.261  INFO 30276 --- [    Test worker] .b.t.c.SpringBootTestContextBootstrapper : Neither @ContextConfiguration nor @ContextHierarchy found for test class [com.jojoldu.book.springboot.web.IndexControllerTest], using SpringBootContextLoader
2022-05-19 15:25:15.262  INFO 30276 --- [    Test worker] o.s.t.c.support.AbstractContextLoader    : Could not detect default resource locations for test class [com.jojoldu.book.springboot.web.IndexControllerTest]: no resource found for suffixes {-context.xml, Context.groovy}.
2022-05-19 15:25:15.262  INFO 30276 --- [    Test worker] t.c.s.AnnotationConfigContextLoaderUtils : Could not detect default configuration classes for test class [com.jojoldu.book.springboot.web.IndexControllerTest]: IndexControllerTest does not declare any static, non-private, non-final, nested classes annotated with @Configuration.
2022-05-19 15:25:15.263  INFO 30276 --- [    Test worker] .b.t.c.SpringBootTestContextBootstrapper : Found @SpringBootConfiguration com.jojoldu.book.springboot.Application for test class com.jojoldu.book.springboot.web.IndexControllerTest
2022-05-19 15:25:15.265  INFO 30276 --- [    Test worker] .b.t.c.SpringBootTestContextBootstrapper : Loaded default TestExecutionListener class names from location [META-INF/spring.factories]: [org.springframework.security.test.context.support.WithSecurityContextTestExecutionListener, org.springframework.security.test.context.support.ReactorContextTestExecutionListener, org.springframework.boot.test.autoconfigure.restdocs.RestDocsTestExecutionListener, org.springframework.boot.test.autoconfigure.web.client.MockRestServiceServerResetTestExecutionListener, org.springframework.boot.test.autoconfigure.web.servlet.MockMvcPrintOnlyOnFailureTestExecutionListener, org.springframework.boot.test.autoconfigure.web.servlet.WebDriverTestExecutionListener, org.springframework.boot.test.autoconfigure.webservices.client.MockWebServiceServerTestExecutionListener, org.springframework.boot.test.mock.mockito.MockitoTestExecutionListener, org.springframework.boot.test.mock.mockito.ResetMocksTestExecutionListener, org.springframework.test.context.web.ServletTestExecutionListener, org.springframework.test.context.support.DirtiesContextBeforeModesTestExecutionListener, org.springframework.test.context.support.DependencyInjectionTestExecutionListener, org.springframework.test.context.support.DirtiesContextTestExecutionListener, org.springframework.test.context.transaction.TransactionalTestExecutionListener, org.springframework.test.context.jdbc.SqlScriptsTestExecutionListener, org.springframework.test.context.event.EventPublishingTestExecutionListener]
2022-05-19 15:25:15.266  INFO 30276 --- [    Test worker] .b.t.c.SpringBootTestContextBootstrapper : Using TestExecutionListeners: [org.springframework.test.context.web.ServletTestExecutionListener@520f2670, org.springframework.test.context.support.DirtiesContextBeforeModesTestExecutionListener@797372ea, org.springframework.boot.test.mock.mockito.MockitoTestExecutionListener@3e2bdddf, org.springframework.boot.test.autoconfigure.SpringBootDependencyInjectionTestExecutionListener@19d9b04f, org.springframework.test.context.support.DirtiesContextTestExecutionListener@324e29a2, org.springframework.test.context.transaction.TransactionalTestExecutionListener@5048f923, org.springframework.test.context.jdbc.SqlScriptsTestExecutionListener@306d13d0, org.springframework.security.test.context.support.WithSecurityContextTestExecutionListener@64e2965a, org.springframework.test.context.event.EventPublishingTestExecutionListener@2722a05d, org.springframework.security.test.context.support.ReactorContextTestExecutionListener@30b4d47b, org.springframework.boot.test.autoconfigure.restdocs.RestDocsTestExecutionListener@689fa22e, org.springframework.boot.test.autoconfigure.web.client.MockRestServiceServerResetTestExecutionListener@18bfb921, org.springframework.boot.test.autoconfigure.web.servlet.MockMvcPrintOnlyOnFailureTestExecutionListener@2a2dd223, org.springframework.boot.test.autoconfigure.web.servlet.WebDriverTestExecutionListener@3c2cdc11, org.springframework.boot.test.autoconfigure.webservices.client.MockWebServiceServerTestExecutionListener@29379768, org.springframework.boot.test.mock.mockito.ResetMocksTestExecutionListener@4ca455de]

  .   ____          _            __ _ _
 /\\ / ___'_ __ _ _(_)_ __  __ _ \ \ \ \
( ( )\___ | '_ | '_| | '_ \/ _` | \ \ \ \
 \\/  ___)| |_)| | | | | || (_| |  ) ) ) )
  '  |____| .__|_| |_|_| |_\__, | / / / /
 =========|_|==============|___/=/_/_/_/
 :: Spring Boot ::                (v2.4.1)

2022-05-19 15:25:15.286  INFO 30276 --- [    Test worker] c.j.b.s.web.IndexControllerTest          : Starting IndexControllerTest using Java 1.8.0_322 on KimJinyeonui-MacBookAir.local with PID 30276 (started by kimjinyeon in /Users/kimjinyeon/IdeaProjects/freelec-springboot2-webservice)
2022-05-19 15:25:15.286  INFO 30276 --- [    Test worker] c.j.b.s.web.IndexControllerTest          : No active profile set, falling back to default profiles: default
2022-05-19 15:25:15.466  INFO 30276 --- [    Test worker] .s.d.r.c.RepositoryConfigurationDelegate : Bootstrapping Spring Data JPA repositories in DEFAULT mode.
2022-05-19 15:25:15.498  INFO 30276 --- [    Test worker] .s.d.r.c.RepositoryConfigurationDelegate : Finished Spring Data repository scanning in 28 ms. Found 2 JPA repository interfaces.
2022-05-19 15:25:15.772  INFO 30276 --- [    Test worker] o.s.b.w.embedded.tomcat.TomcatWebServer  : Tomcat initialized with port(s): 0 (http)
2022-05-19 15:25:15.778  INFO 30276 --- [    Test worker] o.apache.catalina.core.StandardService   : Starting service [Tomcat]
2022-05-19 15:25:15.779  INFO 30276 --- [    Test worker] org.apache.catalina.core.StandardEngine  : Starting Servlet engine: [Apache Tomcat/9.0.41]
2022-05-19 15:25:15.820  INFO 30276 --- [    Test worker] o.a.c.c.C.[Tomcat].[localhost].[/]       : Initializing Spring embedded WebApplicationContext
2022-05-19 15:25:15.821  INFO 30276 --- [    Test worker] w.s.c.ServletWebServerApplicationContext : Root WebApplicationContext: initialization completed in 534 ms
2022-05-19 15:25:15.857  INFO 30276 --- [    Test worker] com.zaxxer.hikari.HikariDataSource       : HikariPool-1 - Starting...
2022-05-19 15:25:15.978  INFO 30276 --- [    Test worker] com.zaxxer.hikari.HikariDataSource       : HikariPool-1 - Start completed.
2022-05-19 15:25:15.983  INFO 30276 --- [    Test worker] o.s.b.a.h2.H2ConsoleAutoConfiguration    : H2 console available at '/h2-console'. Database available at 'jdbc:h2:mem:testdb'
2022-05-19 15:25:16.129  INFO 30276 --- [    Test worker] o.hibernate.jpa.internal.util.LogHelper  : HHH000204: Processing PersistenceUnitInfo [name: default]
2022-05-19 15:25:16.172  INFO 30276 --- [    Test worker] org.hibernate.Version                    : HHH000412: Hibernate ORM core version 5.4.25.Final
2022-05-19 15:25:16.208  INFO 30276 --- [    Test worker] o.hibernate.annotations.common.Version   : HCANN000001: Hibernate Commons Annotations {5.1.2.Final}
2022-05-19 15:25:16.304  INFO 30276 --- [    Test worker] org.hibernate.dialect.Dialect            : HHH000400: Using dialect: org.hibernate.dialect.MySQL57Dialect
Hibernate: drop table if exists posts
Hibernate: drop table if exists user
Hibernate: create table posts (id bigint not null auto_increment, created_date datetime(6), modified_date datetime(6), author varchar(255), content TEXT not null, title varchar(500) not null, primary key (id)) engine=InnoDB
Hibernate: create table user (id bigint not null auto_increment, created_date datetime(6), modified_date datetime(6), email varchar(255) not null, name varchar(255) not null, picture varchar(255), role varchar(255) not null, primary key (id)) engine=InnoDB
2022-05-19 15:25:16.750  INFO 30276 --- [    Test worker] o.h.e.t.j.p.i.JtaPlatformInitiator       : HHH000490: Using JtaPlatform implementation: [org.hibernate.engine.transaction.jta.platform.internal.NoJtaPlatform]
2022-05-19 15:25:16.755  INFO 30276 --- [    Test worker] j.LocalContainerEntityManagerFactoryBean : Initialized JPA EntityManagerFactory for persistence unit 'default'
2022-05-19 15:25:17.090  WARN 30276 --- [    Test worker] JpaBaseConfiguration$JpaWebConfiguration : spring.jpa.open-in-view is enabled by default. Therefore, database queries may be performed during view rendering. Explicitly configure spring.jpa.open-in-view to disable this warning
2022-05-19 15:25:17.296  INFO 30276 --- [    Test worker] o.s.s.web.DefaultSecurityFilterChain     : Will secure any request with [org.springframework.security.web.context.request.async.WebAsyncManagerIntegrationFilter@7a97bf5d, org.springframework.security.web.context.SecurityContextPersistenceFilter@97d51f5, org.springframework.security.web.header.HeaderWriterFilter@40c9deb0, org.springframework.security.web.authentication.logout.LogoutFilter@3137353, org.springframework.security.oauth2.client.web.OAuth2AuthorizationRequestRedirectFilter@14e2d3b8, org.springframework.security.oauth2.client.web.OAuth2LoginAuthenticationFilter@24a49925, org.springframework.security.web.authentication.ui.DefaultLoginPageGeneratingFilter@3b49ef07, org.springframework.security.web.authentication.ui.DefaultLogoutPageGeneratingFilter@1bcd15d4, org.springframework.security.web.savedrequest.RequestCacheAwareFilter@13890321, org.springframework.security.web.servletapi.SecurityContextHolderAwareRequestFilter@1d3b63be, org.springframework.security.web.authentication.AnonymousAuthenticationFilter@19306a06, org.springframework.security.web.session.SessionManagementFilter@754a63d5, org.springframework.security.web.access.ExceptionTranslationFilter@1e809dd6, org.springframework.security.web.access.intercept.FilterSecurityInterceptor@80d36c5]
2022-05-19 15:25:17.356  INFO 30276 --- [    Test worker] o.s.s.concurrent.ThreadPoolTaskExecutor  : Initializing ExecutorService 'applicationTaskExecutor'
2022-05-19 15:25:17.374  INFO 30276 --- [    Test worker] o.s.b.a.w.s.WelcomePageHandlerMapping    : Adding welcome page template: index
2022-05-19 15:25:17.504  INFO 30276 --- [    Test worker] o.s.b.w.embedded.tomcat.TomcatWebServer  : Tomcat started on port(s): 61716 (http) with context path ''
2022-05-19 15:25:17.513  INFO 30276 --- [    Test worker] s.a.ScheduledAnnotationBeanPostProcessor : No TaskScheduler/ScheduledExecutorService bean found for scheduled processing
2022-05-19 15:25:17.517  INFO 30276 --- [    Test worker] c.j.b.s.web.IndexControllerTest          : Started IndexControllerTest in 2.25 seconds (JVM running for 4.616)
2022-05-19 15:25:17.572  INFO 30276 --- [o-auto-1-exec-1] o.a.c.c.C.[Tomcat].[localhost].[/]       : Initializing Spring DispatcherServlet 'dispatcherServlet'
2022-05-19 15:25:17.573  INFO 30276 --- [o-auto-1-exec-1] o.s.web.servlet.DispatcherServlet        : Initializing Servlet 'dispatcherServlet'
2022-05-19 15:25:17.573  INFO 30276 --- [o-auto-1-exec-1] o.s.web.servlet.DispatcherServlet        : Completed initialization in 0 ms
Hibernate: select posts0_.id as id1_0_, posts0_.created_date as created_2_0_, posts0_.modified_date as modified3_0_, posts0_.author as author4_0_, posts0_.content as content5_0_, posts0_.title as title6_0_ from posts posts0_ order by posts0_.id DESC
]]></system-out>
  <system-err><![CDATA[]]></system-err>
</testsuite>
