<?xml version="1.0" encoding="UTF-8"?>
<testsuite name="com.jojoldu.book.springboot.web.HelloControllerTest" tests="2" skipped="0" failures="0" errors="0" timestamp="2022-05-16T16:53:42" hostname="KimJinyeonui-MacBookAir.local" time="0.03">
  <properties/>
  <testcase name="return_helloDto()" classname="com.jojoldu.book.springboot.web.HelloControllerTest" time="0.025"/>
  <testcase name="return_hello()" classname="com.jojoldu.book.springboot.web.HelloControllerTest" time="0.005"/>
  <system-out><![CDATA[2022-05-17 01:53:41.759  INFO 5178 --- [    Test worker] .b.t.a.w.s.WebMvcTestContextBootstrapper : Neither @ContextConfiguration nor @ContextHierarchy found for test class [com.jojoldu.book.springboot.web.HelloControllerTest], using SpringBootContextLoader
2022-05-17 01:53:41.759  INFO 5178 --- [    Test worker] o.s.t.c.support.AbstractContextLoader    : Could not detect default resource locations for test class [com.jojoldu.book.springboot.web.HelloControllerTest]: no resource found for suffixes {-context.xml, Context.groovy}.
2022-05-17 01:53:41.759  INFO 5178 --- [    Test worker] t.c.s.AnnotationConfigContextLoaderUtils : Could not detect default configuration classes for test class [com.jojoldu.book.springboot.web.HelloControllerTest]: HelloControllerTest does not declare any static, non-private, non-final, nested classes annotated with @Configuration.
2022-05-17 01:53:41.767  INFO 5178 --- [    Test worker] .b.t.c.SpringBootTestContextBootstrapper : Found @SpringBootConfiguration com.jojoldu.book.springboot.Application for test class com.jojoldu.book.springboot.web.HelloControllerTest
2022-05-17 01:53:41.767  INFO 5178 --- [    Test worker] .b.t.a.w.s.WebMvcTestContextBootstrapper : Loaded default TestExecutionListener class names from location [META-INF/spring.factories]: [org.springframework.security.test.context.support.WithSecurityContextTestExecutionListener, org.springframework.security.test.context.support.ReactorContextTestExecutionListener, org.springframework.boot.test.autoconfigure.restdocs.RestDocsTestExecutionListener, org.springframework.boot.test.autoconfigure.web.client.MockRestServiceServerResetTestExecutionListener, org.springframework.boot.test.autoconfigure.web.servlet.MockMvcPrintOnlyOnFailureTestExecutionListener, org.springframework.boot.test.autoconfigure.web.servlet.WebDriverTestExecutionListener, org.springframework.boot.test.autoconfigure.webservices.client.MockWebServiceServerTestExecutionListener, org.springframework.boot.test.mock.mockito.MockitoTestExecutionListener, org.springframework.boot.test.mock.mockito.ResetMocksTestExecutionListener, org.springframework.test.context.web.ServletTestExecutionListener, org.springframework.test.context.support.DirtiesContextBeforeModesTestExecutionListener, org.springframework.test.context.support.DependencyInjectionTestExecutionListener, org.springframework.test.context.support.DirtiesContextTestExecutionListener, org.springframework.test.context.transaction.TransactionalTestExecutionListener, org.springframework.test.context.jdbc.SqlScriptsTestExecutionListener, org.springframework.test.context.event.EventPublishingTestExecutionListener]
2022-05-17 01:53:41.768  INFO 5178 --- [    Test worker] .b.t.a.w.s.WebMvcTestContextBootstrapper : Using TestExecutionListeners: [org.springframework.test.context.web.ServletTestExecutionListener@3cd9212, org.springframework.test.context.support.DirtiesContextBeforeModesTestExecutionListener@16018f02, org.springframework.boot.test.mock.mockito.MockitoTestExecutionListener@418fa75f, org.springframework.boot.test.autoconfigure.SpringBootDependencyInjectionTestExecutionListener@18eed228, org.springframework.test.context.support.DirtiesContextTestExecutionListener@775c9e25, org.springframework.test.context.transaction.TransactionalTestExecutionListener@6dbf7653, org.springframework.test.context.jdbc.SqlScriptsTestExecutionListener@51b681e4, org.springframework.security.test.context.support.WithSecurityContextTestExecutionListener@3f276668, org.springframework.test.context.event.EventPublishingTestExecutionListener@2c196a1f, org.springframework.security.test.context.support.ReactorContextTestExecutionListener@3a028c21, org.springframework.boot.test.autoconfigure.restdocs.RestDocsTestExecutionListener@5f5e9324, org.springframework.boot.test.autoconfigure.web.client.MockRestServiceServerResetTestExecutionListener@5bceba81, org.springframework.boot.test.autoconfigure.web.servlet.MockMvcPrintOnlyOnFailureTestExecutionListener@3c606a75, org.springframework.boot.test.autoconfigure.web.servlet.WebDriverTestExecutionListener@122d9a5c, org.springframework.boot.test.autoconfigure.webservices.client.MockWebServiceServerTestExecutionListener@39c1fc8e, org.springframework.boot.test.mock.mockito.ResetMocksTestExecutionListener@17f54385]

  .   ____          _            __ _ _
 /\\ / ___'_ __ _ _(_)_ __  __ _ \ \ \ \
( ( )\___ | '_ | '_| | '_ \/ _` | \ \ \ \
 \\/  ___)| |_)| | | | | || (_| |  ) ) ) )
  '  |____| .__|_| |_|_| |_\__, | / / / /
 =========|_|==============|___/=/_/_/_/
 :: Spring Boot ::                (v2.4.1)

2022-05-17 01:53:41.777  INFO 5178 --- [    Test worker] c.j.b.s.web.HelloControllerTest          : Starting HelloControllerTest using Java 1.8.0_322 on KimJinyeonui-MacBookAir.local with PID 5178 (started by kimjinyeon in /Users/kimjinyeon/IdeaProjects/freelec-springboot2-webservice)
2022-05-17 01:53:41.777  INFO 5178 --- [    Test worker] c.j.b.s.web.HelloControllerTest          : The following profiles are active: oauth
2022-05-17 01:53:41.907  INFO 5178 --- [    Test worker] o.s.s.concurrent.ThreadPoolTaskExecutor  : Initializing ExecutorService 'applicationTaskExecutor'
2022-05-17 01:53:41.919  INFO 5178 --- [    Test worker] o.s.b.a.w.s.WelcomePageHandlerMapping    : Adding welcome page template: index
2022-05-17 01:53:42.065  INFO 5178 --- [    Test worker] o.s.s.web.DefaultSecurityFilterChain     : Will secure any request with [org.springframework.security.web.context.request.async.WebAsyncManagerIntegrationFilter@7f64d364, org.springframework.security.web.context.SecurityContextPersistenceFilter@472aa5fa, org.springframework.security.web.header.HeaderWriterFilter@14450fd2, org.springframework.security.web.csrf.CsrfFilter@2a4e7180, org.springframework.security.web.authentication.logout.LogoutFilter@ea33a0f, org.springframework.security.oauth2.client.web.OAuth2AuthorizationRequestRedirectFilter@748c6833, org.springframework.security.oauth2.client.web.OAuth2AuthorizationRequestRedirectFilter@42e5ab0d, org.springframework.security.oauth2.client.web.OAuth2LoginAuthenticationFilter@2ef304e0, org.springframework.security.web.authentication.ui.DefaultLoginPageGeneratingFilter@17a6204a, org.springframework.security.web.authentication.ui.DefaultLogoutPageGeneratingFilter@1640fbce, org.springframework.security.web.savedrequest.RequestCacheAwareFilter@18202786, org.springframework.security.web.servletapi.SecurityContextHolderAwareRequestFilter@24a780cf, org.springframework.security.web.authentication.AnonymousAuthenticationFilter@5fa84b7e, org.springframework.security.oauth2.client.web.OAuth2AuthorizationCodeGrantFilter@3f7ecbeb, org.springframework.security.web.session.SessionManagementFilter@4d5eaeab, org.springframework.security.web.access.ExceptionTranslationFilter@2bffd6, org.springframework.security.web.access.intercept.FilterSecurityInterceptor@bb988e]
2022-05-17 01:53:42.090  INFO 5178 --- [    Test worker] o.s.b.t.m.w.SpringBootMockServletContext : Initializing Spring TestDispatcherServlet ''
2022-05-17 01:53:42.090  INFO 5178 --- [    Test worker] o.s.t.web.servlet.TestDispatcherServlet  : Initializing Servlet ''
2022-05-17 01:53:42.091  INFO 5178 --- [    Test worker] o.s.t.web.servlet.TestDispatcherServlet  : Completed initialization in 1 ms
2022-05-17 01:53:42.096  INFO 5178 --- [    Test worker] c.j.b.s.web.HelloControllerTest          : Started HelloControllerTest in 0.327 seconds (JVM running for 5.164)
]]></system-out>
  <system-err><![CDATA[]]></system-err>
</testsuite>
