<?xml version="1.0" encoding="UTF-8"?>
<testsuite name="com.jojoldu.book.springboot.web.dto.HelloResponseDtoTest" tests="1" skipped="0" failures="0" errors="0" timestamp="2022-05-16T12:46:00" hostname="KimJinyeonui-MacBookAir.local" time="0.022">
  <properties/>
  <testcase name="lombok_function_test" classname="com.jojoldu.book.springboot.web.dto.HelloResponseDtoTest" time="0.022"/>
  <system-out><![CDATA[]]></system-out>
  <system-err><![CDATA[]]></system-err>
</testsuite>
