<?xml version="1.0" encoding="UTF-8"?>
<testsuite name="com.jojoldu.book.springboot.domain.posts.PostsRepositoryTest" tests="2" skipped="0" failures="0" errors="0" timestamp="2022-05-19T06:25:18" hostname="KimJinyeonui-MacBookAir.local" time="0.022">
  <properties/>
  <testcase name="post_save_load()" classname="com.jojoldu.book.springboot.domain.posts.PostsRepositoryTest" time="0.012"/>
  <testcase name="BaseTimeEntity_save()" classname="com.jojoldu.book.springboot.domain.posts.PostsRepositoryTest" time="0.01"/>
  <system-out><![CDATA[2022-05-19 15:25:17.766  INFO 30276 --- [    Test worker] .b.t.c.SpringBootTestContextBootstrapper : Neither @ContextConfiguration nor @ContextHierarchy found for test class [com.jojoldu.book.springboot.domain.posts.PostsRepositoryTest], using SpringBootContextLoader
2022-05-19 15:25:17.767  INFO 30276 --- [    Test worker] o.s.t.c.support.AbstractContextLoader    : Could not detect default resource locations for test class [com.jojoldu.book.springboot.domain.posts.PostsRepositoryTest]: no resource found for suffixes {-context.xml, Context.groovy}.
2022-05-19 15:25:17.767  INFO 30276 --- [    Test worker] t.c.s.AnnotationConfigContextLoaderUtils : Could not detect default configuration classes for test class [com.jojoldu.book.springboot.domain.posts.PostsRepositoryTest]: PostsRepositoryTest does not declare any static, non-private, non-final, nested classes annotated with @Configuration.
2022-05-19 15:25:17.771  INFO 30276 --- [    Test worker] .b.t.c.SpringBootTestContextBootstrapper : Found @SpringBootConfiguration com.jojoldu.book.springboot.Application for test class com.jojoldu.book.springboot.domain.posts.PostsRepositoryTest
2022-05-19 15:25:17.772  INFO 30276 --- [    Test worker] .b.t.c.SpringBootTestContextBootstrapper : Loaded default TestExecutionListener class names from location [META-INF/spring.factories]: [org.springframework.security.test.context.support.WithSecurityContextTestExecutionListener, org.springframework.security.test.context.support.ReactorContextTestExecutionListener, org.springframework.boot.test.autoconfigure.restdocs.RestDocsTestExecutionListener, org.springframework.boot.test.autoconfigure.web.client.MockRestServiceServerResetTestExecutionListener, org.springframework.boot.test.autoconfigure.web.servlet.MockMvcPrintOnlyOnFailureTestExecutionListener, org.springframework.boot.test.autoconfigure.web.servlet.WebDriverTestExecutionListener, org.springframework.boot.test.autoconfigure.webservices.client.MockWebServiceServerTestExecutionListener, org.springframework.boot.test.mock.mockito.MockitoTestExecutionListener, org.springframework.boot.test.mock.mockito.ResetMocksTestExecutionListener, org.springframework.test.context.web.ServletTestExecutionListener, org.springframework.test.context.support.DirtiesContextBeforeModesTestExecutionListener, org.springframework.test.context.support.DependencyInjectionTestExecutionListener, org.springframework.test.context.support.DirtiesContextTestExecutionListener, org.springframework.test.context.transaction.TransactionalTestExecutionListener, org.springframework.test.context.jdbc.SqlScriptsTestExecutionListener, org.springframework.test.context.event.EventPublishingTestExecutionListener]
2022-05-19 15:25:17.773  INFO 30276 --- [    Test worker] .b.t.c.SpringBootTestContextBootstrapper : Using TestExecutionListeners: [org.springframework.test.context.web.ServletTestExecutionListener@7853ea48, org.springframework.test.context.support.DirtiesContextBeforeModesTestExecutionListener@3bbe14f6, org.springframework.boot.test.mock.mockito.MockitoTestExecutionListener@1c163b4f, org.springframework.boot.test.autoconfigure.SpringBootDependencyInjectionTestExecutionListener@63dc545a, org.springframework.test.context.support.DirtiesContextTestExecutionListener@43af3c3, org.springframework.test.context.transaction.TransactionalTestExecutionListener@4fe85e16, org.springframework.test.context.jdbc.SqlScriptsTestExecutionListener@6289d8e7, org.springframework.security.test.context.support.WithSecurityContextTestExecutionListener@63763e68, org.springframework.test.context.event.EventPublishingTestExecutionListener@30817d2e, org.springframework.security.test.context.support.ReactorContextTestExecutionListener@3d948dc6, org.springframework.boot.test.autoconfigure.restdocs.RestDocsTestExecutionListener@11762473, org.springframework.boot.test.autoconfigure.web.client.MockRestServiceServerResetTestExecutionListener@4321cd4b, org.springframework.boot.test.autoconfigure.web.servlet.MockMvcPrintOnlyOnFailureTestExecutionListener@7872a00c, org.springframework.boot.test.autoconfigure.web.servlet.WebDriverTestExecutionListener@6111e879, org.springframework.boot.test.autoconfigure.webservices.client.MockWebServiceServerTestExecutionListener@41641d94, org.springframework.boot.test.mock.mockito.ResetMocksTestExecutionListener@c62db66]

  .   ____          _            __ _ _
 /\\ / ___'_ __ _ _(_)_ __  __ _ \ \ \ \
( ( )\___ | '_ | '_| | '_ \/ _` | \ \ \ \
 \\/  ___)| |_)| | | | | || (_| |  ) ) ) )
  '  |____| .__|_| |_|_| |_\__, | / / / /
 =========|_|==============|___/=/_/_/_/
 :: Spring Boot ::                (v2.4.1)

2022-05-19 15:25:17.784  INFO 30276 --- [    Test worker] c.j.b.s.d.posts.PostsRepositoryTest      : Starting PostsRepositoryTest using Java 1.8.0_322 on KimJinyeonui-MacBookAir.local with PID 30276 (started by kimjinyeon in /Users/kimjinyeon/IdeaProjects/freelec-springboot2-webservice)
2022-05-19 15:25:17.785  INFO 30276 --- [    Test worker] c.j.b.s.d.posts.PostsRepositoryTest      : No active profile set, falling back to default profiles: default
2022-05-19 15:25:17.898  INFO 30276 --- [    Test worker] .s.d.r.c.RepositoryConfigurationDelegate : Bootstrapping Spring Data JPA repositories in DEFAULT mode.
2022-05-19 15:25:17.905  INFO 30276 --- [    Test worker] .s.d.r.c.RepositoryConfigurationDelegate : Finished Spring Data repository scanning in 7 ms. Found 2 JPA repository interfaces.
2022-05-19 15:25:17.983  INFO 30276 --- [    Test worker] com.zaxxer.hikari.HikariDataSource       : HikariPool-2 - Starting...
2022-05-19 15:25:17.984  INFO 30276 --- [    Test worker] com.zaxxer.hikari.HikariDataSource       : HikariPool-2 - Start completed.
2022-05-19 15:25:17.990  INFO 30276 --- [    Test worker] o.hibernate.jpa.internal.util.LogHelper  : HHH000204: Processing PersistenceUnitInfo [name: default]
2022-05-19 15:25:17.993  INFO 30276 --- [    Test worker] org.hibernate.dialect.Dialect            : HHH000400: Using dialect: org.hibernate.dialect.MySQL57Dialect
Hibernate: drop table if exists posts
Hibernate: drop table if exists user
Hibernate: create table posts (id bigint not null auto_increment, created_date datetime(6), modified_date datetime(6), author varchar(255), content TEXT not null, title varchar(500) not null, primary key (id)) engine=InnoDB
Hibernate: create table user (id bigint not null auto_increment, created_date datetime(6), modified_date datetime(6), email varchar(255) not null, name varchar(255) not null, picture varchar(255), role varchar(255) not null, primary key (id)) engine=InnoDB
2022-05-19 15:25:18.022  INFO 30276 --- [    Test worker] o.h.e.t.j.p.i.JtaPlatformInitiator       : HHH000490: Using JtaPlatform implementation: [org.hibernate.engine.transaction.jta.platform.internal.NoJtaPlatform]
2022-05-19 15:25:18.022  INFO 30276 --- [    Test worker] j.LocalContainerEntityManagerFactoryBean : Initialized JPA EntityManagerFactory for persistence unit 'default'
2022-05-19 15:25:18.075  WARN 30276 --- [    Test worker] JpaBaseConfiguration$JpaWebConfiguration : spring.jpa.open-in-view is enabled by default. Therefore, database queries may be performed during view rendering. Explicitly configure spring.jpa.open-in-view to disable this warning
2022-05-19 15:25:18.159  INFO 30276 --- [    Test worker] o.s.s.web.DefaultSecurityFilterChain     : Will secure any request with [org.springframework.security.web.context.request.async.WebAsyncManagerIntegrationFilter@60bda76e, org.springframework.security.web.context.SecurityContextPersistenceFilter@87df242, org.springframework.security.web.header.HeaderWriterFilter@3a46dee2, org.springframework.security.web.authentication.logout.LogoutFilter@49edb8ba, org.springframework.security.oauth2.client.web.OAuth2AuthorizationRequestRedirectFilter@258a4b0e, org.springframework.security.oauth2.client.web.OAuth2LoginAuthenticationFilter@29ee5be8, org.springframework.security.web.authentication.ui.DefaultLoginPageGeneratingFilter@3f32bd6, org.springframework.security.web.authentication.ui.DefaultLogoutPageGeneratingFilter@4a497585, org.springframework.security.web.savedrequest.RequestCacheAwareFilter@15770994, org.springframework.security.web.servletapi.SecurityContextHolderAwareRequestFilter@19ca7416, org.springframework.security.web.authentication.AnonymousAuthenticationFilter@3d6c85f9, org.springframework.security.web.session.SessionManagementFilter@605f4f86, org.springframework.security.web.access.ExceptionTranslationFilter@4f7a5da4, org.springframework.security.web.access.intercept.FilterSecurityInterceptor@615970ec]
2022-05-19 15:25:18.237  INFO 30276 --- [    Test worker] o.s.s.concurrent.ThreadPoolTaskExecutor  : Initializing ExecutorService 'applicationTaskExecutor'
2022-05-19 15:25:18.244  INFO 30276 --- [    Test worker] o.s.b.a.h2.H2ConsoleAutoConfiguration    : H2 console available at '/h2-console'. Database available at 'jdbc:h2:mem:testdb'
2022-05-19 15:25:18.254  INFO 30276 --- [    Test worker] o.s.b.a.w.s.WelcomePageHandlerMapping    : Adding welcome page template: index
2022-05-19 15:25:18.369  INFO 30276 --- [    Test worker] s.a.ScheduledAnnotationBeanPostProcessor : No TaskScheduler/ScheduledExecutorService bean found for scheduled processing
2022-05-19 15:25:18.370  INFO 30276 --- [    Test worker] c.j.b.s.d.posts.PostsRepositoryTest      : Started PostsRepositoryTest in 0.594 seconds (JVM running for 5.469)
Hibernate: insert into posts (created_date, modified_date, author, content, title) values (?, ?, ?, ?, ?)
Hibernate: select posts0_.id as id1_0_, posts0_.created_date as created_2_0_, posts0_.modified_date as modified3_0_, posts0_.author as author4_0_, posts0_.content as content5_0_, posts0_.title as title6_0_ from posts posts0_
Hibernate: select posts0_.id as id1_0_, posts0_.created_date as created_2_0_, posts0_.modified_date as modified3_0_, posts0_.author as author4_0_, posts0_.content as content5_0_, posts0_.title as title6_0_ from posts posts0_
Hibernate: delete from posts where id=?
Hibernate: insert into posts (created_date, modified_date, author, content, title) values (?, ?, ?, ?, ?)
Hibernate: select posts0_.id as id1_0_, posts0_.created_date as created_2_0_, posts0_.modified_date as modified3_0_, posts0_.author as author4_0_, posts0_.content as content5_0_, posts0_.title as title6_0_ from posts posts0_
>>>>>>>>> createDate=2022-05-19T15:25:18.389, modifiedDate=2022-05-19T15:25:18.389
Hibernate: select posts0_.id as id1_0_, posts0_.created_date as created_2_0_, posts0_.modified_date as modified3_0_, posts0_.author as author4_0_, posts0_.content as content5_0_, posts0_.title as title6_0_ from posts posts0_
Hibernate: delete from posts where id=?
]]></system-out>
  <system-err><![CDATA[]]></system-err>
</testsuite>
