<?xml version="1.0" encoding="UTF-8"?>
<testsuite name="com.jojoldu.book.springboot.domain.posts.PostsRepositoryTest" tests="2" skipped="0" failures="0" errors="0" timestamp="2022-05-24T18:14:22" hostname="KimJinyeonui-MacBookAir.local" time="0.02">
  <properties/>
  <testcase name="post_save_load()" classname="com.jojoldu.book.springboot.domain.posts.PostsRepositoryTest" time="0.011"/>
  <testcase name="BaseTimeEntity_save()" classname="com.jojoldu.book.springboot.domain.posts.PostsRepositoryTest" time="0.009"/>
  <system-out><![CDATA[2022-05-25 03:14:21.681  INFO 45656 --- [    Test worker] .b.t.c.SpringBootTestContextBootstrapper : Neither @ContextConfiguration nor @ContextHierarchy found for test class [com.jojoldu.book.springboot.domain.posts.PostsRepositoryTest], using SpringBootContextLoader
2022-05-25 03:14:21.681  INFO 45656 --- [    Test worker] o.s.t.c.support.AbstractContextLoader    : Could not detect default resource locations for test class [com.jojoldu.book.springboot.domain.posts.PostsRepositoryTest]: no resource found for suffixes {-context.xml, Context.groovy}.
2022-05-25 03:14:21.681  INFO 45656 --- [    Test worker] t.c.s.AnnotationConfigContextLoaderUtils : Could not detect default configuration classes for test class [com.jojoldu.book.springboot.domain.posts.PostsRepositoryTest]: PostsRepositoryTest does not declare any static, non-private, non-final, nested classes annotated with @Configuration.
2022-05-25 03:14:21.684  INFO 45656 --- [    Test worker] .b.t.c.SpringBootTestContextBootstrapper : Found @SpringBootConfiguration com.jojoldu.book.springboot.Application for test class com.jojoldu.book.springboot.domain.posts.PostsRepositoryTest
2022-05-25 03:14:21.685  INFO 45656 --- [    Test worker] .b.t.c.SpringBootTestContextBootstrapper : Loaded default TestExecutionListener class names from location [META-INF/spring.factories]: [org.springframework.security.test.context.support.WithSecurityContextTestExecutionListener, org.springframework.security.test.context.support.ReactorContextTestExecutionListener, org.springframework.boot.test.autoconfigure.restdocs.RestDocsTestExecutionListener, org.springframework.boot.test.autoconfigure.web.client.MockRestServiceServerResetTestExecutionListener, org.springframework.boot.test.autoconfigure.web.servlet.MockMvcPrintOnlyOnFailureTestExecutionListener, org.springframework.boot.test.autoconfigure.web.servlet.WebDriverTestExecutionListener, org.springframework.boot.test.autoconfigure.webservices.client.MockWebServiceServerTestExecutionListener, org.springframework.boot.test.mock.mockito.MockitoTestExecutionListener, org.springframework.boot.test.mock.mockito.ResetMocksTestExecutionListener, org.springframework.test.context.web.ServletTestExecutionListener, org.springframework.test.context.support.DirtiesContextBeforeModesTestExecutionListener, org.springframework.test.context.support.DependencyInjectionTestExecutionListener, org.springframework.test.context.support.DirtiesContextTestExecutionListener, org.springframework.test.context.transaction.TransactionalTestExecutionListener, org.springframework.test.context.jdbc.SqlScriptsTestExecutionListener, org.springframework.test.context.event.EventPublishingTestExecutionListener]
2022-05-25 03:14:21.685  INFO 45656 --- [    Test worker] .b.t.c.SpringBootTestContextBootstrapper : Using TestExecutionListeners: [org.springframework.test.context.web.ServletTestExecutionListener@46e9ac1b, org.springframework.test.context.support.DirtiesContextBeforeModesTestExecutionListener@456dd4d0, org.springframework.boot.test.mock.mockito.MockitoTestExecutionListener@1764819b, org.springframework.boot.test.autoconfigure.SpringBootDependencyInjectionTestExecutionListener@2c5a83b5, org.springframework.test.context.support.DirtiesContextTestExecutionListener@27587b51, org.springframework.test.context.transaction.TransactionalTestExecutionListener@c38f03e, org.springframework.test.context.jdbc.SqlScriptsTestExecutionListener@3f63c07b, org.springframework.security.test.context.support.WithSecurityContextTestExecutionListener@47dcab09, org.springframework.test.context.event.EventPublishingTestExecutionListener@233ac250, org.springframework.security.test.context.support.ReactorContextTestExecutionListener@68486f09, org.springframework.boot.test.autoconfigure.restdocs.RestDocsTestExecutionListener@49091a63, org.springframework.boot.test.autoconfigure.web.client.MockRestServiceServerResetTestExecutionListener@6baf74a8, org.springframework.boot.test.autoconfigure.web.servlet.MockMvcPrintOnlyOnFailureTestExecutionListener@1ef213cf, org.springframework.boot.test.autoconfigure.web.servlet.WebDriverTestExecutionListener@35e9073f, org.springframework.boot.test.autoconfigure.webservices.client.MockWebServiceServerTestExecutionListener@3432d9e3, org.springframework.boot.test.mock.mockito.ResetMocksTestExecutionListener@2428e1f9]

  .   ____          _            __ _ _
 /\\ / ___'_ __ _ _(_)_ __  __ _ \ \ \ \
( ( )\___ | '_ | '_| | '_ \/ _` | \ \ \ \
 \\/  ___)| |_)| | | | | || (_| |  ) ) ) )
  '  |____| .__|_| |_|_| |_\__, | / / / /
 =========|_|==============|___/=/_/_/_/
 :: Spring Boot ::                (v2.4.1)

2022-05-25 03:14:21.699  INFO 45656 --- [    Test worker] c.j.b.s.d.posts.PostsRepositoryTest      : Starting PostsRepositoryTest using Java 1.8.0_322 on KimJinyeonui-MacBookAir.local with PID 45656 (started by kimjinyeon in /Users/kimjinyeon/IdeaProjects/freelec-springboot2-webservice)
2022-05-25 03:14:21.700  INFO 45656 --- [    Test worker] c.j.b.s.d.posts.PostsRepositoryTest      : No active profile set, falling back to default profiles: default
2022-05-25 03:14:21.797  INFO 45656 --- [    Test worker] .s.d.r.c.RepositoryConfigurationDelegate : Bootstrapping Spring Data JPA repositories in DEFAULT mode.
2022-05-25 03:14:21.807  INFO 45656 --- [    Test worker] .s.d.r.c.RepositoryConfigurationDelegate : Finished Spring Data repository scanning in 9 ms. Found 2 JPA repository interfaces.
2022-05-25 03:14:21.893  INFO 45656 --- [    Test worker] com.zaxxer.hikari.HikariDataSource       : HikariPool-2 - Starting...
2022-05-25 03:14:21.894  INFO 45656 --- [    Test worker] com.zaxxer.hikari.HikariDataSource       : HikariPool-2 - Start completed.
2022-05-25 03:14:21.900  INFO 45656 --- [    Test worker] o.hibernate.jpa.internal.util.LogHelper  : HHH000204: Processing PersistenceUnitInfo [name: default]
2022-05-25 03:14:21.903  INFO 45656 --- [    Test worker] org.hibernate.dialect.Dialect            : HHH000400: Using dialect: org.hibernate.dialect.MySQL57Dialect
Hibernate: drop table if exists posts
Hibernate: drop table if exists user
Hibernate: create table posts (id bigint not null auto_increment, created_date datetime(6), modified_date datetime(6), author varchar(255), content TEXT not null, title varchar(500) not null, primary key (id)) engine=InnoDB
Hibernate: create table user (id bigint not null auto_increment, created_date datetime(6), modified_date datetime(6), email varchar(255) not null, name varchar(255) not null, picture varchar(255), role varchar(255) not null, primary key (id)) engine=InnoDB
2022-05-25 03:14:21.932  INFO 45656 --- [    Test worker] o.h.e.t.j.p.i.JtaPlatformInitiator       : HHH000490: Using JtaPlatform implementation: [org.hibernate.engine.transaction.jta.platform.internal.NoJtaPlatform]
2022-05-25 03:14:21.932  INFO 45656 --- [    Test worker] j.LocalContainerEntityManagerFactoryBean : Initialized JPA EntityManagerFactory for persistence unit 'default'
2022-05-25 03:14:21.995  WARN 45656 --- [    Test worker] JpaBaseConfiguration$JpaWebConfiguration : spring.jpa.open-in-view is enabled by default. Therefore, database queries may be performed during view rendering. Explicitly configure spring.jpa.open-in-view to disable this warning
2022-05-25 03:14:22.080  INFO 45656 --- [    Test worker] o.s.s.web.DefaultSecurityFilterChain     : Will secure any request with [org.springframework.security.web.context.request.async.WebAsyncManagerIntegrationFilter@1041e28a, org.springframework.security.web.context.SecurityContextPersistenceFilter@7b645650, org.springframework.security.web.header.HeaderWriterFilter@6d78849d, org.springframework.security.web.authentication.logout.LogoutFilter@55e33673, org.springframework.security.oauth2.client.web.OAuth2AuthorizationRequestRedirectFilter@6af783d9, org.springframework.security.oauth2.client.web.OAuth2LoginAuthenticationFilter@3b8491dd, org.springframework.security.web.authentication.ui.DefaultLoginPageGeneratingFilter@3c0f7872, org.springframework.security.web.authentication.ui.DefaultLogoutPageGeneratingFilter@41932a73, org.springframework.security.web.savedrequest.RequestCacheAwareFilter@24629620, org.springframework.security.web.servletapi.SecurityContextHolderAwareRequestFilter@d97b25d, org.springframework.security.web.authentication.AnonymousAuthenticationFilter@17ac90d3, org.springframework.security.web.session.SessionManagementFilter@457e9aff, org.springframework.security.web.access.ExceptionTranslationFilter@15e9460a, org.springframework.security.web.access.intercept.FilterSecurityInterceptor@214e19a8]
2022-05-25 03:14:22.153  INFO 45656 --- [    Test worker] o.s.s.concurrent.ThreadPoolTaskExecutor  : Initializing ExecutorService 'applicationTaskExecutor'
2022-05-25 03:14:22.160  INFO 45656 --- [    Test worker] o.s.b.a.h2.H2ConsoleAutoConfiguration    : H2 console available at '/h2-console'. Database available at 'jdbc:h2:mem:testdb'
2022-05-25 03:14:22.171  INFO 45656 --- [    Test worker] o.s.b.a.w.s.WelcomePageHandlerMapping    : Adding welcome page template: index
2022-05-25 03:14:22.285  INFO 45656 --- [    Test worker] s.a.ScheduledAnnotationBeanPostProcessor : No TaskScheduler/ScheduledExecutorService bean found for scheduled processing
2022-05-25 03:14:22.286  INFO 45656 --- [    Test worker] c.j.b.s.d.posts.PostsRepositoryTest      : Started PostsRepositoryTest in 0.597 seconds (JVM running for 4.579)
Hibernate: insert into posts (created_date, modified_date, author, content, title) values (?, ?, ?, ?, ?)
Hibernate: select posts0_.id as id1_0_, posts0_.created_date as created_2_0_, posts0_.modified_date as modified3_0_, posts0_.author as author4_0_, posts0_.content as content5_0_, posts0_.title as title6_0_ from posts posts0_
Hibernate: select posts0_.id as id1_0_, posts0_.created_date as created_2_0_, posts0_.modified_date as modified3_0_, posts0_.author as author4_0_, posts0_.content as content5_0_, posts0_.title as title6_0_ from posts posts0_
Hibernate: delete from posts where id=?
Hibernate: insert into posts (created_date, modified_date, author, content, title) values (?, ?, ?, ?, ?)
Hibernate: select posts0_.id as id1_0_, posts0_.created_date as created_2_0_, posts0_.modified_date as modified3_0_, posts0_.author as author4_0_, posts0_.content as content5_0_, posts0_.title as title6_0_ from posts posts0_
>>>>>>>>> createDate=2022-05-25T03:14:22.300, modifiedDate=2022-05-25T03:14:22.300
Hibernate: select posts0_.id as id1_0_, posts0_.created_date as created_2_0_, posts0_.modified_date as modified3_0_, posts0_.author as author4_0_, posts0_.content as content5_0_, posts0_.title as title6_0_ from posts posts0_
Hibernate: delete from posts where id=?
]]></system-out>
  <system-err><![CDATA[]]></system-err>
</testsuite>
