<?xml version="1.0" encoding="UTF-8"?>
<testsuite name="com.jojoldu.book.springboot.domain.posts.PostsRepositoryTest" tests="2" skipped="0" failures="0" errors="0" timestamp="2022-05-16T17:06:26" hostname="KimJinyeonui-MacBookAir.local" time="0.017">
  <properties/>
  <testcase name="post_save_load()" classname="com.jojoldu.book.springboot.domain.posts.PostsRepositoryTest" time="0.009"/>
  <testcase name="BaseTimeEntity_save()" classname="com.jojoldu.book.springboot.domain.posts.PostsRepositoryTest" time="0.007"/>
  <system-out><![CDATA[2022-05-17 02:06:25.790  INFO 5480 --- [    Test worker] .b.t.c.SpringBootTestContextBootstrapper : Neither @ContextConfiguration nor @ContextHierarchy found for test class [com.jojoldu.book.springboot.domain.posts.PostsRepositoryTest], using SpringBootContextLoader
2022-05-17 02:06:25.791  INFO 5480 --- [    Test worker] o.s.t.c.support.AbstractContextLoader    : Could not detect default resource locations for test class [com.jojoldu.book.springboot.domain.posts.PostsRepositoryTest]: no resource found for suffixes {-context.xml, Context.groovy}.
2022-05-17 02:06:25.791  INFO 5480 --- [    Test worker] t.c.s.AnnotationConfigContextLoaderUtils : Could not detect default configuration classes for test class [com.jojoldu.book.springboot.domain.posts.PostsRepositoryTest]: PostsRepositoryTest does not declare any static, non-private, non-final, nested classes annotated with @Configuration.
2022-05-17 02:06:25.794  INFO 5480 --- [    Test worker] .b.t.c.SpringBootTestContextBootstrapper : Found @SpringBootConfiguration com.jojoldu.book.springboot.Application for test class com.jojoldu.book.springboot.domain.posts.PostsRepositoryTest
2022-05-17 02:06:25.795  INFO 5480 --- [    Test worker] .b.t.c.SpringBootTestContextBootstrapper : Loaded default TestExecutionListener class names from location [META-INF/spring.factories]: [org.springframework.security.test.context.support.WithSecurityContextTestExecutionListener, org.springframework.security.test.context.support.ReactorContextTestExecutionListener, org.springframework.boot.test.autoconfigure.restdocs.RestDocsTestExecutionListener, org.springframework.boot.test.autoconfigure.web.client.MockRestServiceServerResetTestExecutionListener, org.springframework.boot.test.autoconfigure.web.servlet.MockMvcPrintOnlyOnFailureTestExecutionListener, org.springframework.boot.test.autoconfigure.web.servlet.WebDriverTestExecutionListener, org.springframework.boot.test.autoconfigure.webservices.client.MockWebServiceServerTestExecutionListener, org.springframework.boot.test.mock.mockito.MockitoTestExecutionListener, org.springframework.boot.test.mock.mockito.ResetMocksTestExecutionListener, org.springframework.test.context.web.ServletTestExecutionListener, org.springframework.test.context.support.DirtiesContextBeforeModesTestExecutionListener, org.springframework.test.context.support.DependencyInjectionTestExecutionListener, org.springframework.test.context.support.DirtiesContextTestExecutionListener, org.springframework.test.context.transaction.TransactionalTestExecutionListener, org.springframework.test.context.jdbc.SqlScriptsTestExecutionListener, org.springframework.test.context.event.EventPublishingTestExecutionListener]
2022-05-17 02:06:25.795  INFO 5480 --- [    Test worker] .b.t.c.SpringBootTestContextBootstrapper : Using TestExecutionListeners: [org.springframework.test.context.web.ServletTestExecutionListener@e3b8474, org.springframework.test.context.support.DirtiesContextBeforeModesTestExecutionListener@612011fc, org.springframework.boot.test.mock.mockito.MockitoTestExecutionListener@7a36065e, org.springframework.boot.test.autoconfigure.SpringBootDependencyInjectionTestExecutionListener@6744d9e9, org.springframework.test.context.support.DirtiesContextTestExecutionListener@358ef951, org.springframework.test.context.transaction.TransactionalTestExecutionListener@54c0a1ed, org.springframework.test.context.jdbc.SqlScriptsTestExecutionListener@1e8e49dd, org.springframework.security.test.context.support.WithSecurityContextTestExecutionListener@5fc44074, org.springframework.test.context.event.EventPublishingTestExecutionListener@1dc27eac, org.springframework.security.test.context.support.ReactorContextTestExecutionListener@4cdc7b30, org.springframework.boot.test.autoconfigure.restdocs.RestDocsTestExecutionListener@20f003d7, org.springframework.boot.test.autoconfigure.web.client.MockRestServiceServerResetTestExecutionListener@5d4a205d, org.springframework.boot.test.autoconfigure.web.servlet.MockMvcPrintOnlyOnFailureTestExecutionListener@53730246, org.springframework.boot.test.autoconfigure.web.servlet.WebDriverTestExecutionListener@7c59f6e3, org.springframework.boot.test.autoconfigure.webservices.client.MockWebServiceServerTestExecutionListener@5c17ac04, org.springframework.boot.test.mock.mockito.ResetMocksTestExecutionListener@50533713]

  .   ____          _            __ _ _
 /\\ / ___'_ __ _ _(_)_ __  __ _ \ \ \ \
( ( )\___ | '_ | '_| | '_ \/ _` | \ \ \ \
 \\/  ___)| |_)| | | | | || (_| |  ) ) ) )
  '  |____| .__|_| |_|_| |_\__, | / / / /
 =========|_|==============|___/=/_/_/_/
 :: Spring Boot ::                (v2.4.1)

2022-05-17 02:06:25.804  INFO 5480 --- [    Test worker] c.j.b.s.d.posts.PostsRepositoryTest      : Starting PostsRepositoryTest using Java 1.8.0_322 on KimJinyeonui-MacBookAir.local with PID 5480 (started by kimjinyeon in /Users/kimjinyeon/IdeaProjects/freelec-springboot2-webservice)
2022-05-17 02:06:25.805  INFO 5480 --- [    Test worker] c.j.b.s.d.posts.PostsRepositoryTest      : No active profile set, falling back to default profiles: default
2022-05-17 02:06:25.901  INFO 5480 --- [    Test worker] .s.d.r.c.RepositoryConfigurationDelegate : Bootstrapping Spring Data JPA repositories in DEFAULT mode.
2022-05-17 02:06:25.907  INFO 5480 --- [    Test worker] .s.d.r.c.RepositoryConfigurationDelegate : Finished Spring Data repository scanning in 5 ms. Found 2 JPA repository interfaces.
2022-05-17 02:06:25.986  INFO 5480 --- [    Test worker] com.zaxxer.hikari.HikariDataSource       : HikariPool-2 - Starting...
2022-05-17 02:06:25.987  INFO 5480 --- [    Test worker] com.zaxxer.hikari.HikariDataSource       : HikariPool-2 - Start completed.
2022-05-17 02:06:25.993  INFO 5480 --- [    Test worker] o.hibernate.jpa.internal.util.LogHelper  : HHH000204: Processing PersistenceUnitInfo [name: default]
2022-05-17 02:06:25.996  INFO 5480 --- [    Test worker] org.hibernate.dialect.Dialect            : HHH000400: Using dialect: org.hibernate.dialect.MySQL57Dialect
Hibernate: drop table if exists posts
Hibernate: drop table if exists user
Hibernate: create table posts (id bigint not null auto_increment, created_date datetime(6), modified_date datetime(6), author varchar(255), content TEXT not null, title varchar(500) not null, primary key (id)) engine=InnoDB
Hibernate: create table user (id bigint not null auto_increment, created_date datetime(6), modified_date datetime(6), email varchar(255) not null, name varchar(255) not null, picture varchar(255), role varchar(255) not null, primary key (id)) engine=InnoDB
2022-05-17 02:06:26.028  INFO 5480 --- [    Test worker] o.h.e.t.j.p.i.JtaPlatformInitiator       : HHH000490: Using JtaPlatform implementation: [org.hibernate.engine.transaction.jta.platform.internal.NoJtaPlatform]
2022-05-17 02:06:26.028  INFO 5480 --- [    Test worker] j.LocalContainerEntityManagerFactoryBean : Initialized JPA EntityManagerFactory for persistence unit 'default'
2022-05-17 02:06:26.084  WARN 5480 --- [    Test worker] JpaBaseConfiguration$JpaWebConfiguration : spring.jpa.open-in-view is enabled by default. Therefore, database queries may be performed during view rendering. Explicitly configure spring.jpa.open-in-view to disable this warning
2022-05-17 02:06:26.163  INFO 5480 --- [    Test worker] o.s.s.web.DefaultSecurityFilterChain     : Will secure any request with [org.springframework.security.web.context.request.async.WebAsyncManagerIntegrationFilter@1b947d05, org.springframework.security.web.context.SecurityContextPersistenceFilter@1d579ce7, org.springframework.security.web.header.HeaderWriterFilter@5edbf3, org.springframework.security.web.authentication.logout.LogoutFilter@3bb25e7c, org.springframework.security.oauth2.client.web.OAuth2AuthorizationRequestRedirectFilter@655d6693, org.springframework.security.oauth2.client.web.OAuth2LoginAuthenticationFilter@1e52eedc, org.springframework.security.web.authentication.ui.DefaultLoginPageGeneratingFilter@7a956952, org.springframework.security.web.authentication.ui.DefaultLogoutPageGeneratingFilter@69a35b4b, org.springframework.security.web.savedrequest.RequestCacheAwareFilter@185f012e, org.springframework.security.web.servletapi.SecurityContextHolderAwareRequestFilter@6ea8c095, org.springframework.security.web.authentication.AnonymousAuthenticationFilter@67c4d112, org.springframework.security.web.session.SessionManagementFilter@1b01f51f, org.springframework.security.web.access.ExceptionTranslationFilter@35960360, org.springframework.security.web.access.intercept.FilterSecurityInterceptor@6ac300dc]
2022-05-17 02:06:26.230  INFO 5480 --- [    Test worker] o.s.s.concurrent.ThreadPoolTaskExecutor  : Initializing ExecutorService 'applicationTaskExecutor'
2022-05-17 02:06:26.236  INFO 5480 --- [    Test worker] o.s.b.a.h2.H2ConsoleAutoConfiguration    : H2 console available at '/h2-console'. Database available at 'jdbc:h2:mem:testdb'
2022-05-17 02:06:26.245  INFO 5480 --- [    Test worker] o.s.b.a.w.s.WelcomePageHandlerMapping    : Adding welcome page template: index
2022-05-17 02:06:26.336  INFO 5480 --- [    Test worker] s.a.ScheduledAnnotationBeanPostProcessor : No TaskScheduler/ScheduledExecutorService bean found for scheduled processing
2022-05-17 02:06:26.336  INFO 5480 --- [    Test worker] c.j.b.s.d.posts.PostsRepositoryTest      : Started PostsRepositoryTest in 0.54 seconds (JVM running for 4.77)
Hibernate: insert into posts (created_date, modified_date, author, content, title) values (?, ?, ?, ?, ?)
Hibernate: select posts0_.id as id1_0_, posts0_.created_date as created_2_0_, posts0_.modified_date as modified3_0_, posts0_.author as author4_0_, posts0_.content as content5_0_, posts0_.title as title6_0_ from posts posts0_
Hibernate: select posts0_.id as id1_0_, posts0_.created_date as created_2_0_, posts0_.modified_date as modified3_0_, posts0_.author as author4_0_, posts0_.content as content5_0_, posts0_.title as title6_0_ from posts posts0_
Hibernate: delete from posts where id=?
Hibernate: insert into posts (created_date, modified_date, author, content, title) values (?, ?, ?, ?, ?)
Hibernate: select posts0_.id as id1_0_, posts0_.created_date as created_2_0_, posts0_.modified_date as modified3_0_, posts0_.author as author4_0_, posts0_.content as content5_0_, posts0_.title as title6_0_ from posts posts0_
>>>>>>>>> createDate=2022-05-17T02:06:26.348, modifiedDate=2022-05-17T02:06:26.348
Hibernate: select posts0_.id as id1_0_, posts0_.created_date as created_2_0_, posts0_.modified_date as modified3_0_, posts0_.author as author4_0_, posts0_.content as content5_0_, posts0_.title as title6_0_ from posts posts0_
Hibernate: delete from posts where id=?
]]></system-out>
  <system-err><![CDATA[]]></system-err>
</testsuite>
