<?xml version="1.0" encoding="UTF-8"?>
<testsuite name="com.jojoldu.book.springboot.web.IndexControllerTest" tests="1" skipped="0" failures="0" errors="0" timestamp="2022-05-05T15:16:05" hostname="KimJinyeonui-MacBookAir.local" time="0.103">
  <properties/>
  <testcase name="load_main_page" classname="com.jojoldu.book.springboot.web.IndexControllerTest" time="0.103"/>
  <system-out><![CDATA[2022-05-06 00:16:02.849  INFO 3888 --- [    Test worker] .b.t.c.SpringBootTestContextBootstrapper : Neither @ContextConfiguration nor @ContextHierarchy found for test class [com.jojoldu.book.springboot.web.IndexControllerTest], using SpringBootContextLoader
2022-05-06 00:16:02.849  INFO 3888 --- [    Test worker] o.s.t.c.support.AbstractContextLoader    : Could not detect default resource locations for test class [com.jojoldu.book.springboot.web.IndexControllerTest]: no resource found for suffixes {-context.xml, Context.groovy}.
2022-05-06 00:16:02.849  INFO 3888 --- [    Test worker] t.c.s.AnnotationConfigContextLoaderUtils : Could not detect default configuration classes for test class [com.jojoldu.book.springboot.web.IndexControllerTest]: IndexControllerTest does not declare any static, non-private, non-final, nested classes annotated with @Configuration.
2022-05-06 00:16:02.850  INFO 3888 --- [    Test worker] .b.t.c.SpringBootTestContextBootstrapper : Found @SpringBootConfiguration com.jojoldu.book.springboot.Application for test class com.jojoldu.book.springboot.web.IndexControllerTest
2022-05-06 00:16:02.851  INFO 3888 --- [    Test worker] .b.t.c.SpringBootTestContextBootstrapper : Loaded default TestExecutionListener class names from location [META-INF/spring.factories]: [org.springframework.security.test.context.support.WithSecurityContextTestExecutionListener, org.springframework.security.test.context.support.ReactorContextTestExecutionListener, org.springframework.boot.test.autoconfigure.restdocs.RestDocsTestExecutionListener, org.springframework.boot.test.autoconfigure.web.client.MockRestServiceServerResetTestExecutionListener, org.springframework.boot.test.autoconfigure.web.servlet.MockMvcPrintOnlyOnFailureTestExecutionListener, org.springframework.boot.test.autoconfigure.web.servlet.WebDriverTestExecutionListener, org.springframework.boot.test.mock.mockito.MockitoTestExecutionListener, org.springframework.boot.test.mock.mockito.ResetMocksTestExecutionListener, org.springframework.test.context.web.ServletTestExecutionListener, org.springframework.test.context.support.DirtiesContextBeforeModesTestExecutionListener, org.springframework.test.context.support.DependencyInjectionTestExecutionListener, org.springframework.test.context.support.DirtiesContextTestExecutionListener, org.springframework.test.context.transaction.TransactionalTestExecutionListener, org.springframework.test.context.jdbc.SqlScriptsTestExecutionListener]
2022-05-06 00:16:02.851  INFO 3888 --- [    Test worker] .b.t.c.SpringBootTestContextBootstrapper : Using TestExecutionListeners: [org.springframework.test.context.web.ServletTestExecutionListener@63542b59, org.springframework.test.context.support.DirtiesContextBeforeModesTestExecutionListener@6ab8b6f1, org.springframework.boot.test.mock.mockito.MockitoTestExecutionListener@44bf4ca1, org.springframework.boot.test.autoconfigure.SpringBootDependencyInjectionTestExecutionListener@ec86c0f, org.springframework.test.context.support.DirtiesContextTestExecutionListener@4c84806c, org.springframework.test.context.transaction.TransactionalTestExecutionListener@6324b833, org.springframework.test.context.jdbc.SqlScriptsTestExecutionListener@5d403ab2, org.springframework.security.test.context.support.WithSecurityContextTestExecutionListener@10a58d01, org.springframework.security.test.context.support.ReactorContextTestExecutionListener@784ae899, org.springframework.boot.test.autoconfigure.restdocs.RestDocsTestExecutionListener@3e692283, org.springframework.boot.test.autoconfigure.web.client.MockRestServiceServerResetTestExecutionListener@62a00a56, org.springframework.boot.test.autoconfigure.web.servlet.MockMvcPrintOnlyOnFailureTestExecutionListener@5e515e86, org.springframework.boot.test.autoconfigure.web.servlet.WebDriverTestExecutionListener@71706bf5, org.springframework.boot.test.mock.mockito.ResetMocksTestExecutionListener@6fa3262]

  .   ____          _            __ _ _
 /\\ / ___'_ __ _ _(_)_ __  __ _ \ \ \ \
( ( )\___ | '_ | '_| | '_ \/ _` | \ \ \ \
 \\/  ___)| |_)| | | | | || (_| |  ) ) ) )
  '  |____| .__|_| |_|_| |_\__, | / / / /
 =========|_|==============|___/=/_/_/_/
 :: Spring Boot ::        (v2.1.7.RELEASE)

2022-05-06 00:16:02.867  INFO 3888 --- [    Test worker] c.j.b.s.web.IndexControllerTest          : Starting IndexControllerTest on KimJinyeonui-MacBookAir.local with PID 3888 (started by kimjinyeon in /Users/kimjinyeon/IdeaProjects/freelec-springboot2-webservice)
2022-05-06 00:16:02.867  INFO 3888 --- [    Test worker] c.j.b.s.web.IndexControllerTest          : The following profiles are active: oauth
2022-05-06 00:16:03.044  INFO 3888 --- [    Test worker] .s.d.r.c.RepositoryConfigurationDelegate : Bootstrapping Spring Data repositories in DEFAULT mode.
2022-05-06 00:16:03.098  INFO 3888 --- [    Test worker] .s.d.r.c.RepositoryConfigurationDelegate : Finished Spring Data repository scanning in 50ms. Found 2 repository interfaces.
2022-05-06 00:16:03.238  INFO 3888 --- [    Test worker] trationDelegate$BeanPostProcessorChecker : Bean 'org.springframework.transaction.annotation.ProxyTransactionManagementConfiguration' of type [org.springframework.transaction.annotation.ProxyTransactionManagementConfiguration$$EnhancerBySpringCGLIB$$53e38c3f] is not eligible for getting processed by all BeanPostProcessors (for example: not eligible for auto-proxying)
2022-05-06 00:16:03.381  INFO 3888 --- [    Test worker] o.s.b.w.embedded.tomcat.TomcatWebServer  : Tomcat initialized with port(s): 0 (http)
2022-05-06 00:16:03.401  INFO 3888 --- [    Test worker] o.apache.catalina.core.StandardService   : Starting service [Tomcat]
2022-05-06 00:16:03.401  INFO 3888 --- [    Test worker] org.apache.catalina.core.StandardEngine  : Starting Servlet engine: [Apache Tomcat/9.0.22]
2022-05-06 00:16:03.468  INFO 3888 --- [    Test worker] o.a.c.c.C.[Tomcat].[localhost].[/]       : Initializing Spring embedded WebApplicationContext
2022-05-06 00:16:03.468  INFO 3888 --- [    Test worker] o.s.web.context.ContextLoader            : Root WebApplicationContext: initialization completed in 600 ms
2022-05-06 00:16:03.576  INFO 3888 --- [    Test worker] com.zaxxer.hikari.HikariDataSource       : HikariPool-1 - Starting...
2022-05-06 00:16:03.660  INFO 3888 --- [    Test worker] com.zaxxer.hikari.HikariDataSource       : HikariPool-1 - Start completed.
2022-05-06 00:16:03.720  INFO 3888 --- [    Test worker] o.hibernate.jpa.internal.util.LogHelper  : HHH000204: Processing PersistenceUnitInfo [
	name: default
	...]
2022-05-06 00:16:03.748  INFO 3888 --- [    Test worker] org.hibernate.Version                    : HHH000412: Hibernate Core {5.3.10.Final}
2022-05-06 00:16:03.749  INFO 3888 --- [    Test worker] org.hibernate.cfg.Environment            : HHH000206: hibernate.properties not found
2022-05-06 00:16:03.772  INFO 3888 --- [    Test worker] o.hibernate.annotations.common.Version   : HCANN000001: Hibernate Commons Annotations {5.0.4.Final}
2022-05-06 00:16:03.839  INFO 3888 --- [    Test worker] org.hibernate.dialect.Dialect            : HHH000400: Using dialect: org.hibernate.dialect.MySQL5InnoDBDialect
Hibernate: drop table if exists posts
Hibernate: drop table if exists user
Hibernate: create table posts (id bigint not null auto_increment, created_date datetime, modified_date datetime, author varchar(255), content TEXT not null, title varchar(500) not null, primary key (id)) engine=InnoDB
Hibernate: create table user (id bigint not null auto_increment, created_date datetime, modified_date datetime, email varchar(255) not null, name varchar(255) not null, picture varchar(255), role varchar(255) not null, primary key (id)) engine=InnoDB
2022-05-06 00:16:04.286  INFO 3888 --- [    Test worker] o.h.t.schema.internal.SchemaCreatorImpl  : HHH000476: Executing import script 'org.hibernate.tool.schema.internal.exec.ScriptSourceInputNonExistentImpl@2328733a'
2022-05-06 00:16:04.287  INFO 3888 --- [    Test worker] j.LocalContainerEntityManagerFactoryBean : Initialized JPA EntityManagerFactory for persistence unit 'default'
2022-05-06 00:16:04.588  INFO 3888 --- [    Test worker] o.h.h.i.QueryTranslatorFactoryInitiator  : HHH000397: Using ASTQueryTranslatorFactory
2022-05-06 00:16:04.748  INFO 3888 --- [    Test worker] o.s.s.web.DefaultSecurityFilterChain     : Creating filter chain: any request, [org.springframework.security.web.context.request.async.WebAsyncManagerIntegrationFilter@73524456, org.springframework.security.web.context.SecurityContextPersistenceFilter@7f21802b, org.springframework.security.web.header.HeaderWriterFilter@460a2aac, org.springframework.security.web.authentication.logout.LogoutFilter@3ba44398, org.springframework.security.oauth2.client.web.OAuth2AuthorizationRequestRedirectFilter@4fda8180, org.springframework.security.oauth2.client.web.OAuth2LoginAuthenticationFilter@2308f36, org.springframework.security.web.authentication.ui.DefaultLoginPageGeneratingFilter@48f7b275, org.springframework.security.web.authentication.ui.DefaultLogoutPageGeneratingFilter@cccf096, org.springframework.security.web.savedrequest.RequestCacheAwareFilter@1c45d76, org.springframework.security.web.servletapi.SecurityContextHolderAwareRequestFilter@160c48a8, org.springframework.security.web.authentication.AnonymousAuthenticationFilter@a838706, org.springframework.security.web.session.SessionManagementFilter@40b45d1, org.springframework.security.web.access.ExceptionTranslationFilter@58d4c9f0, org.springframework.security.web.access.intercept.FilterSecurityInterceptor@663299bc]
2022-05-06 00:16:04.834  INFO 3888 --- [    Test worker] o.s.s.concurrent.ThreadPoolTaskExecutor  : Initializing ExecutorService 'applicationTaskExecutor'
2022-05-06 00:16:04.844  WARN 3888 --- [    Test worker] aWebConfiguration$JpaWebMvcConfiguration : spring.jpa.open-in-view is enabled by default. Therefore, database queries may be performed during view rendering. Explicitly configure spring.jpa.open-in-view to disable this warning
2022-05-06 00:16:04.861  INFO 3888 --- [    Test worker] o.s.b.a.w.s.WelcomePageHandlerMapping    : Adding welcome page template: index
2022-05-06 00:16:05.008  INFO 3888 --- [    Test worker] s.a.ScheduledAnnotationBeanPostProcessor : No TaskScheduler/ScheduledExecutorService bean found for scheduled processing
2022-05-06 00:16:05.019  INFO 3888 --- [    Test worker] o.s.b.w.embedded.tomcat.TomcatWebServer  : Tomcat started on port(s): 50490 (http) with context path ''
2022-05-06 00:16:05.020  INFO 3888 --- [    Test worker] c.j.b.s.web.IndexControllerTest          : Started IndexControllerTest in 2.169 seconds (JVM running for 3.946)
2022-05-06 00:16:05.065  INFO 3888 --- [o-auto-1-exec-1] o.a.c.c.C.[Tomcat].[localhost].[/]       : Initializing Spring DispatcherServlet 'dispatcherServlet'
2022-05-06 00:16:05.065  INFO 3888 --- [o-auto-1-exec-1] o.s.web.servlet.DispatcherServlet        : Initializing Servlet 'dispatcherServlet'
2022-05-06 00:16:05.072  INFO 3888 --- [o-auto-1-exec-1] o.s.web.servlet.DispatcherServlet        : Completed initialization in 7 ms
Hibernate: select posts0_.id as id1_0_, posts0_.created_date as created_2_0_, posts0_.modified_date as modified3_0_, posts0_.author as author4_0_, posts0_.content as content5_0_, posts0_.title as title6_0_ from posts posts0_ order by posts0_.id DESC
]]></system-out>
  <system-err><![CDATA[]]></system-err>
</testsuite>
