<?xml version="1.0" encoding="UTF-8"?>
<testsuite name="com.jojoldu.book.springboot.web.IndexControllerTest" tests="1" skipped="0" failures="0" errors="0" timestamp="2022-05-24T16:59:26" hostname="KimJinyeonui-MacBookAir.local" time="0.107">
  <properties/>
  <testcase name="load_main_page()" classname="com.jojoldu.book.springboot.web.IndexControllerTest" time="0.107"/>
  <system-out><![CDATA[2022-05-25 01:59:23.979  INFO 44423 --- [    Test worker] .b.t.c.SpringBootTestContextBootstrapper : Neither @ContextConfiguration nor @ContextHierarchy found for test class [com.jojoldu.book.springboot.web.IndexControllerTest], using SpringBootContextLoader
2022-05-25 01:59:23.980  INFO 44423 --- [    Test worker] o.s.t.c.support.AbstractContextLoader    : Could not detect default resource locations for test class [com.jojoldu.book.springboot.web.IndexControllerTest]: no resource found for suffixes {-context.xml, Context.groovy}.
2022-05-25 01:59:23.980  INFO 44423 --- [    Test worker] t.c.s.AnnotationConfigContextLoaderUtils : Could not detect default configuration classes for test class [com.jojoldu.book.springboot.web.IndexControllerTest]: IndexControllerTest does not declare any static, non-private, non-final, nested classes annotated with @Configuration.
2022-05-25 01:59:23.981  INFO 44423 --- [    Test worker] .b.t.c.SpringBootTestContextBootstrapper : Found @SpringBootConfiguration com.jojoldu.book.springboot.Application for test class com.jojoldu.book.springboot.web.IndexControllerTest
2022-05-25 01:59:23.984  INFO 44423 --- [    Test worker] .b.t.c.SpringBootTestContextBootstrapper : Loaded default TestExecutionListener class names from location [META-INF/spring.factories]: [org.springframework.security.test.context.support.WithSecurityContextTestExecutionListener, org.springframework.security.test.context.support.ReactorContextTestExecutionListener, org.springframework.boot.test.autoconfigure.restdocs.RestDocsTestExecutionListener, org.springframework.boot.test.autoconfigure.web.client.MockRestServiceServerResetTestExecutionListener, org.springframework.boot.test.autoconfigure.web.servlet.MockMvcPrintOnlyOnFailureTestExecutionListener, org.springframework.boot.test.autoconfigure.web.servlet.WebDriverTestExecutionListener, org.springframework.boot.test.autoconfigure.webservices.client.MockWebServiceServerTestExecutionListener, org.springframework.boot.test.mock.mockito.MockitoTestExecutionListener, org.springframework.boot.test.mock.mockito.ResetMocksTestExecutionListener, org.springframework.test.context.web.ServletTestExecutionListener, org.springframework.test.context.support.DirtiesContextBeforeModesTestExecutionListener, org.springframework.test.context.support.DependencyInjectionTestExecutionListener, org.springframework.test.context.support.DirtiesContextTestExecutionListener, org.springframework.test.context.transaction.TransactionalTestExecutionListener, org.springframework.test.context.jdbc.SqlScriptsTestExecutionListener, org.springframework.test.context.event.EventPublishingTestExecutionListener]
2022-05-25 01:59:23.984  INFO 44423 --- [    Test worker] .b.t.c.SpringBootTestContextBootstrapper : Using TestExecutionListeners: [org.springframework.test.context.web.ServletTestExecutionListener@7c6215f3, org.springframework.test.context.support.DirtiesContextBeforeModesTestExecutionListener@35868816, org.springframework.boot.test.mock.mockito.MockitoTestExecutionListener@451e512d, org.springframework.boot.test.autoconfigure.SpringBootDependencyInjectionTestExecutionListener@3db0d029, org.springframework.test.context.support.DirtiesContextTestExecutionListener@511197e1, org.springframework.test.context.transaction.TransactionalTestExecutionListener@50d663ed, org.springframework.test.context.jdbc.SqlScriptsTestExecutionListener@67f6c7e3, org.springframework.security.test.context.support.WithSecurityContextTestExecutionListener@5c7c72ac, org.springframework.test.context.event.EventPublishingTestExecutionListener@10f485d, org.springframework.security.test.context.support.ReactorContextTestExecutionListener@62259a9a, org.springframework.boot.test.autoconfigure.restdocs.RestDocsTestExecutionListener@33bd80e2, org.springframework.boot.test.autoconfigure.web.client.MockRestServiceServerResetTestExecutionListener@ceb7d2b, org.springframework.boot.test.autoconfigure.web.servlet.MockMvcPrintOnlyOnFailureTestExecutionListener@775d814b, org.springframework.boot.test.autoconfigure.web.servlet.WebDriverTestExecutionListener@39e23470, org.springframework.boot.test.autoconfigure.webservices.client.MockWebServiceServerTestExecutionListener@6687193e, org.springframework.boot.test.mock.mockito.ResetMocksTestExecutionListener@315222e0]

  .   ____          _            __ _ _
 /\\ / ___'_ __ _ _(_)_ __  __ _ \ \ \ \
( ( )\___ | '_ | '_| | '_ \/ _` | \ \ \ \
 \\/  ___)| |_)| | | | | || (_| |  ) ) ) )
  '  |____| .__|_| |_|_| |_\__, | / / / /
 =========|_|==============|___/=/_/_/_/
 :: Spring Boot ::                (v2.4.1)

2022-05-25 01:59:24.011  INFO 44423 --- [    Test worker] c.j.b.s.web.IndexControllerTest          : Starting IndexControllerTest using Java 1.8.0_322 on KimJinyeonui-MacBookAir.local with PID 44423 (started by kimjinyeon in /Users/kimjinyeon/IdeaProjects/freelec-springboot2-webservice)
2022-05-25 01:59:24.011  INFO 44423 --- [    Test worker] c.j.b.s.web.IndexControllerTest          : No active profile set, falling back to default profiles: default
2022-05-25 01:59:24.180  INFO 44423 --- [    Test worker] .s.d.r.c.RepositoryConfigurationDelegate : Bootstrapping Spring Data JPA repositories in DEFAULT mode.
2022-05-25 01:59:24.210  INFO 44423 --- [    Test worker] .s.d.r.c.RepositoryConfigurationDelegate : Finished Spring Data repository scanning in 26 ms. Found 2 JPA repository interfaces.
2022-05-25 01:59:24.465  INFO 44423 --- [    Test worker] o.s.b.w.embedded.tomcat.TomcatWebServer  : Tomcat initialized with port(s): 0 (http)
2022-05-25 01:59:24.472  INFO 44423 --- [    Test worker] o.apache.catalina.core.StandardService   : Starting service [Tomcat]
2022-05-25 01:59:24.472  INFO 44423 --- [    Test worker] org.apache.catalina.core.StandardEngine  : Starting Servlet engine: [Apache Tomcat/9.0.41]
2022-05-25 01:59:24.516  INFO 44423 --- [    Test worker] o.a.c.c.C.[Tomcat].[localhost].[/]       : Initializing Spring embedded WebApplicationContext
2022-05-25 01:59:24.516  INFO 44423 --- [    Test worker] w.s.c.ServletWebServerApplicationContext : Root WebApplicationContext: initialization completed in 502 ms
2022-05-25 01:59:24.546  INFO 44423 --- [    Test worker] com.zaxxer.hikari.HikariDataSource       : HikariPool-1 - Starting...
2022-05-25 01:59:24.651  INFO 44423 --- [    Test worker] com.zaxxer.hikari.HikariDataSource       : HikariPool-1 - Start completed.
2022-05-25 01:59:24.655  INFO 44423 --- [    Test worker] o.s.b.a.h2.H2ConsoleAutoConfiguration    : H2 console available at '/h2-console'. Database available at 'jdbc:h2:mem:testdb'
2022-05-25 01:59:24.792  INFO 44423 --- [    Test worker] o.hibernate.jpa.internal.util.LogHelper  : HHH000204: Processing PersistenceUnitInfo [name: default]
2022-05-25 01:59:24.826  INFO 44423 --- [    Test worker] org.hibernate.Version                    : HHH000412: Hibernate ORM core version 5.4.25.Final
2022-05-25 01:59:24.854  INFO 44423 --- [    Test worker] o.hibernate.annotations.common.Version   : HCANN000001: Hibernate Commons Annotations {5.1.2.Final}
2022-05-25 01:59:24.913  INFO 44423 --- [    Test worker] org.hibernate.dialect.Dialect            : HHH000400: Using dialect: org.hibernate.dialect.H2Dialect
Hibernate: drop table if exists posts CASCADE 
Hibernate: drop table if exists user CASCADE 
Hibernate: create table posts (id bigint generated by default as identity, created_date timestamp, modified_date timestamp, author varchar(255), content TEXT not null, title varchar(500) not null, primary key (id))
Hibernate: create table user (id bigint generated by default as identity, created_date timestamp, modified_date timestamp, email varchar(255) not null, name varchar(255) not null, picture varchar(255), role varchar(255) not null, primary key (id))
2022-05-25 01:59:25.381  INFO 44423 --- [    Test worker] o.h.e.t.j.p.i.JtaPlatformInitiator       : HHH000490: Using JtaPlatform implementation: [org.hibernate.engine.transaction.jta.platform.internal.NoJtaPlatform]
2022-05-25 01:59:25.388  INFO 44423 --- [    Test worker] j.LocalContainerEntityManagerFactoryBean : Initialized JPA EntityManagerFactory for persistence unit 'default'
2022-05-25 01:59:25.671  WARN 44423 --- [    Test worker] JpaBaseConfiguration$JpaWebConfiguration : spring.jpa.open-in-view is enabled by default. Therefore, database queries may be performed during view rendering. Explicitly configure spring.jpa.open-in-view to disable this warning
2022-05-25 01:59:25.849  INFO 44423 --- [    Test worker] o.s.s.web.DefaultSecurityFilterChain     : Will secure any request with [org.springframework.security.web.context.request.async.WebAsyncManagerIntegrationFilter@cc20f6a, org.springframework.security.web.context.SecurityContextPersistenceFilter@35be6bf3, org.springframework.security.web.header.HeaderWriterFilter@46326949, org.springframework.security.web.authentication.logout.LogoutFilter@2cddc0ac, org.springframework.security.oauth2.client.web.OAuth2AuthorizationRequestRedirectFilter@74f6d0ff, org.springframework.security.oauth2.client.web.OAuth2LoginAuthenticationFilter@38a79cc1, org.springframework.security.web.authentication.ui.DefaultLoginPageGeneratingFilter@4fc2b825, org.springframework.security.web.authentication.ui.DefaultLogoutPageGeneratingFilter@4851a00d, org.springframework.security.web.savedrequest.RequestCacheAwareFilter@2260ffa2, org.springframework.security.web.servletapi.SecurityContextHolderAwareRequestFilter@77cdb286, org.springframework.security.web.authentication.AnonymousAuthenticationFilter@a62e0d0, org.springframework.security.web.session.SessionManagementFilter@7f68fbe9, org.springframework.security.web.access.ExceptionTranslationFilter@16d0333d, org.springframework.security.web.access.intercept.FilterSecurityInterceptor@3a1fc906]
2022-05-25 01:59:25.905  INFO 44423 --- [    Test worker] o.s.s.concurrent.ThreadPoolTaskExecutor  : Initializing ExecutorService 'applicationTaskExecutor'
2022-05-25 01:59:25.929  INFO 44423 --- [    Test worker] o.s.b.a.w.s.WelcomePageHandlerMapping    : Adding welcome page template: index
2022-05-25 01:59:26.048  INFO 44423 --- [    Test worker] o.s.b.w.embedded.tomcat.TomcatWebServer  : Tomcat started on port(s): 54380 (http) with context path ''
2022-05-25 01:59:26.056  INFO 44423 --- [    Test worker] s.a.ScheduledAnnotationBeanPostProcessor : No TaskScheduler/ScheduledExecutorService bean found for scheduled processing
2022-05-25 01:59:26.060  INFO 44423 --- [    Test worker] c.j.b.s.web.IndexControllerTest          : Started IndexControllerTest in 2.075 seconds (JVM running for 4.38)
2022-05-25 01:59:26.118  INFO 44423 --- [o-auto-1-exec-1] o.a.c.c.C.[Tomcat].[localhost].[/]       : Initializing Spring DispatcherServlet 'dispatcherServlet'
2022-05-25 01:59:26.118  INFO 44423 --- [o-auto-1-exec-1] o.s.web.servlet.DispatcherServlet        : Initializing Servlet 'dispatcherServlet'
2022-05-25 01:59:26.118  INFO 44423 --- [o-auto-1-exec-1] o.s.web.servlet.DispatcherServlet        : Completed initialization in 0 ms
Hibernate: select posts0_.id as id1_0_, posts0_.created_date as created_2_0_, posts0_.modified_date as modified3_0_, posts0_.author as author4_0_, posts0_.content as content5_0_, posts0_.title as title6_0_ from posts posts0_ order by posts0_.id DESC
]]></system-out>
  <system-err><![CDATA[]]></system-err>
</testsuite>
