<?xml version="1.0" encoding="UTF-8"?>
<testsuite name="com.jojoldu.book.springboot.domain.posts.PostsRepositoryTest" tests="2" skipped="0" failures="0" errors="0" timestamp="2022-05-16T16:53:41" hostname="KimJinyeonui-MacBookAir.local" time="0.021">
  <properties/>
  <testcase name="post_save_load()" classname="com.jojoldu.book.springboot.domain.posts.PostsRepositoryTest" time="0.011"/>
  <testcase name="BaseTimeEntity_save()" classname="com.jojoldu.book.springboot.domain.posts.PostsRepositoryTest" time="0.01"/>
  <system-out><![CDATA[2022-05-17 01:53:41.138  INFO 5178 --- [    Test worker] .b.t.c.SpringBootTestContextBootstrapper : Neither @ContextConfiguration nor @ContextHierarchy found for test class [com.jojoldu.book.springboot.domain.posts.PostsRepositoryTest], using SpringBootContextLoader
2022-05-17 01:53:41.138  INFO 5178 --- [    Test worker] o.s.t.c.support.AbstractContextLoader    : Could not detect default resource locations for test class [com.jojoldu.book.springboot.domain.posts.PostsRepositoryTest]: no resource found for suffixes {-context.xml, Context.groovy}.
2022-05-17 01:53:41.138  INFO 5178 --- [    Test worker] t.c.s.AnnotationConfigContextLoaderUtils : Could not detect default configuration classes for test class [com.jojoldu.book.springboot.domain.posts.PostsRepositoryTest]: PostsRepositoryTest does not declare any static, non-private, non-final, nested classes annotated with @Configuration.
2022-05-17 01:53:41.144  INFO 5178 --- [    Test worker] .b.t.c.SpringBootTestContextBootstrapper : Found @SpringBootConfiguration com.jojoldu.book.springboot.Application for test class com.jojoldu.book.springboot.domain.posts.PostsRepositoryTest
2022-05-17 01:53:41.146  INFO 5178 --- [    Test worker] .b.t.c.SpringBootTestContextBootstrapper : Loaded default TestExecutionListener class names from location [META-INF/spring.factories]: [org.springframework.security.test.context.support.WithSecurityContextTestExecutionListener, org.springframework.security.test.context.support.ReactorContextTestExecutionListener, org.springframework.boot.test.autoconfigure.restdocs.RestDocsTestExecutionListener, org.springframework.boot.test.autoconfigure.web.client.MockRestServiceServerResetTestExecutionListener, org.springframework.boot.test.autoconfigure.web.servlet.MockMvcPrintOnlyOnFailureTestExecutionListener, org.springframework.boot.test.autoconfigure.web.servlet.WebDriverTestExecutionListener, org.springframework.boot.test.autoconfigure.webservices.client.MockWebServiceServerTestExecutionListener, org.springframework.boot.test.mock.mockito.MockitoTestExecutionListener, org.springframework.boot.test.mock.mockito.ResetMocksTestExecutionListener, org.springframework.test.context.web.ServletTestExecutionListener, org.springframework.test.context.support.DirtiesContextBeforeModesTestExecutionListener, org.springframework.test.context.support.DependencyInjectionTestExecutionListener, org.springframework.test.context.support.DirtiesContextTestExecutionListener, org.springframework.test.context.transaction.TransactionalTestExecutionListener, org.springframework.test.context.jdbc.SqlScriptsTestExecutionListener, org.springframework.test.context.event.EventPublishingTestExecutionListener]
2022-05-17 01:53:41.146  INFO 5178 --- [    Test worker] .b.t.c.SpringBootTestContextBootstrapper : Using TestExecutionListeners: [org.springframework.test.context.web.ServletTestExecutionListener@6131fb53, org.springframework.test.context.support.DirtiesContextBeforeModesTestExecutionListener@7a4b369f, org.springframework.boot.test.mock.mockito.MockitoTestExecutionListener@c09eb07, org.springframework.boot.test.autoconfigure.SpringBootDependencyInjectionTestExecutionListener@5469cab6, org.springframework.test.context.support.DirtiesContextTestExecutionListener@3a6c580b, org.springframework.test.context.transaction.TransactionalTestExecutionListener@19b06e17, org.springframework.test.context.jdbc.SqlScriptsTestExecutionListener@5aa2eff5, org.springframework.security.test.context.support.WithSecurityContextTestExecutionListener@4004a26d, org.springframework.test.context.event.EventPublishingTestExecutionListener@18f01666, org.springframework.security.test.context.support.ReactorContextTestExecutionListener@2aa13b9, org.springframework.boot.test.autoconfigure.restdocs.RestDocsTestExecutionListener@4f3a895e, org.springframework.boot.test.autoconfigure.web.client.MockRestServiceServerResetTestExecutionListener@2ac85d1e, org.springframework.boot.test.autoconfigure.web.servlet.MockMvcPrintOnlyOnFailureTestExecutionListener@32932d07, org.springframework.boot.test.autoconfigure.web.servlet.WebDriverTestExecutionListener@60f6d737, org.springframework.boot.test.autoconfigure.webservices.client.MockWebServiceServerTestExecutionListener@7b1dc20e, org.springframework.boot.test.mock.mockito.ResetMocksTestExecutionListener@13d540de]

  .   ____          _            __ _ _
 /\\ / ___'_ __ _ _(_)_ __  __ _ \ \ \ \
( ( )\___ | '_ | '_| | '_ \/ _` | \ \ \ \
 \\/  ___)| |_)| | | | | || (_| |  ) ) ) )
  '  |____| .__|_| |_|_| |_\__, | / / / /
 =========|_|==============|___/=/_/_/_/
 :: Spring Boot ::                (v2.4.1)

2022-05-17 01:53:41.163  INFO 5178 --- [    Test worker] c.j.b.s.d.posts.PostsRepositoryTest      : Starting PostsRepositoryTest using Java 1.8.0_322 on KimJinyeonui-MacBookAir.local with PID 5178 (started by kimjinyeon in /Users/kimjinyeon/IdeaProjects/freelec-springboot2-webservice)
2022-05-17 01:53:41.163  INFO 5178 --- [    Test worker] c.j.b.s.d.posts.PostsRepositoryTest      : The following profiles are active: oauth
2022-05-17 01:53:41.252  INFO 5178 --- [    Test worker] .s.d.r.c.RepositoryConfigurationDelegate : Bootstrapping Spring Data JPA repositories in DEFAULT mode.
2022-05-17 01:53:41.260  INFO 5178 --- [    Test worker] .s.d.r.c.RepositoryConfigurationDelegate : Finished Spring Data repository scanning in 7 ms. Found 2 JPA repository interfaces.
2022-05-17 01:53:41.330  INFO 5178 --- [    Test worker] com.zaxxer.hikari.HikariDataSource       : HikariPool-2 - Starting...
2022-05-17 01:53:41.331  INFO 5178 --- [    Test worker] com.zaxxer.hikari.HikariDataSource       : HikariPool-2 - Start completed.
2022-05-17 01:53:41.337  INFO 5178 --- [    Test worker] o.hibernate.jpa.internal.util.LogHelper  : HHH000204: Processing PersistenceUnitInfo [name: default]
2022-05-17 01:53:41.339  INFO 5178 --- [    Test worker] org.hibernate.dialect.Dialect            : HHH000400: Using dialect: org.hibernate.dialect.MySQL57Dialect
Hibernate: drop table if exists posts
Hibernate: drop table if exists user
Hibernate: create table posts (id bigint not null auto_increment, created_date datetime(6), modified_date datetime(6), author varchar(255), content TEXT not null, title varchar(500) not null, primary key (id)) engine=InnoDB
Hibernate: create table user (id bigint not null auto_increment, created_date datetime(6), modified_date datetime(6), email varchar(255) not null, name varchar(255) not null, picture varchar(255), role varchar(255) not null, primary key (id)) engine=InnoDB
2022-05-17 01:53:41.366  INFO 5178 --- [    Test worker] o.h.e.t.j.p.i.JtaPlatformInitiator       : HHH000490: Using JtaPlatform implementation: [org.hibernate.engine.transaction.jta.platform.internal.NoJtaPlatform]
2022-05-17 01:53:41.366  INFO 5178 --- [    Test worker] j.LocalContainerEntityManagerFactoryBean : Initialized JPA EntityManagerFactory for persistence unit 'default'
2022-05-17 01:53:41.421  WARN 5178 --- [    Test worker] JpaBaseConfiguration$JpaWebConfiguration : spring.jpa.open-in-view is enabled by default. Therefore, database queries may be performed during view rendering. Explicitly configure spring.jpa.open-in-view to disable this warning
2022-05-17 01:53:41.524  INFO 5178 --- [    Test worker] o.s.s.web.DefaultSecurityFilterChain     : Will secure any request with [org.springframework.security.web.context.request.async.WebAsyncManagerIntegrationFilter@56788b55, org.springframework.security.web.context.SecurityContextPersistenceFilter@2d93e60d, org.springframework.security.web.header.HeaderWriterFilter@d3a26, org.springframework.security.web.authentication.logout.LogoutFilter@58a663e4, org.springframework.security.oauth2.client.web.OAuth2AuthorizationRequestRedirectFilter@3cf746c4, org.springframework.security.oauth2.client.web.OAuth2LoginAuthenticationFilter@7ab7869d, org.springframework.security.web.authentication.ui.DefaultLoginPageGeneratingFilter@2c50c07b, org.springframework.security.web.authentication.ui.DefaultLogoutPageGeneratingFilter@2825a366, org.springframework.security.web.savedrequest.RequestCacheAwareFilter@32ae91e7, org.springframework.security.web.servletapi.SecurityContextHolderAwareRequestFilter@5b1b419e, org.springframework.security.web.authentication.AnonymousAuthenticationFilter@2e6211c0, org.springframework.security.web.session.SessionManagementFilter@3a09b6b0, org.springframework.security.web.access.ExceptionTranslationFilter@2fa60098, org.springframework.security.web.access.intercept.FilterSecurityInterceptor@3de8697d]
2022-05-17 01:53:41.604  INFO 5178 --- [    Test worker] o.s.s.concurrent.ThreadPoolTaskExecutor  : Initializing ExecutorService 'applicationTaskExecutor'
2022-05-17 01:53:41.612  INFO 5178 --- [    Test worker] o.s.b.a.h2.H2ConsoleAutoConfiguration    : H2 console available at '/h2-console'. Database available at 'jdbc:h2:mem:testdb'
2022-05-17 01:53:41.623  INFO 5178 --- [    Test worker] o.s.b.a.w.s.WelcomePageHandlerMapping    : Adding welcome page template: index
2022-05-17 01:53:41.733  INFO 5178 --- [    Test worker] s.a.ScheduledAnnotationBeanPostProcessor : No TaskScheduler/ScheduledExecutorService bean found for scheduled processing
2022-05-17 01:53:41.734  INFO 5178 --- [    Test worker] c.j.b.s.d.posts.PostsRepositoryTest      : Started PostsRepositoryTest in 0.583 seconds (JVM running for 4.801)
Hibernate: insert into posts (created_date, modified_date, author, content, title) values (?, ?, ?, ?, ?)
Hibernate: select posts0_.id as id1_0_, posts0_.created_date as created_2_0_, posts0_.modified_date as modified3_0_, posts0_.author as author4_0_, posts0_.content as content5_0_, posts0_.title as title6_0_ from posts posts0_
Hibernate: select posts0_.id as id1_0_, posts0_.created_date as created_2_0_, posts0_.modified_date as modified3_0_, posts0_.author as author4_0_, posts0_.content as content5_0_, posts0_.title as title6_0_ from posts posts0_
Hibernate: delete from posts where id=?
Hibernate: insert into posts (created_date, modified_date, author, content, title) values (?, ?, ?, ?, ?)
Hibernate: select posts0_.id as id1_0_, posts0_.created_date as created_2_0_, posts0_.modified_date as modified3_0_, posts0_.author as author4_0_, posts0_.content as content5_0_, posts0_.title as title6_0_ from posts posts0_
>>>>>>>>> createDate=2022-05-17T01:53:41.747, modifiedDate=2022-05-17T01:53:41.747
Hibernate: select posts0_.id as id1_0_, posts0_.created_date as created_2_0_, posts0_.modified_date as modified3_0_, posts0_.author as author4_0_, posts0_.content as content5_0_, posts0_.title as title6_0_ from posts posts0_
Hibernate: delete from posts where id=?
]]></system-out>
  <system-err><![CDATA[]]></system-err>
</testsuite>
